This file contains any messages produced by compilers while
running configure, to aid debugging if configure makes a mistake.

It was created by configure, which was
generated by GNU Autoconf 2.69.  Invocation command line was

  $ ./configure 

## --------- ##
## Platform. ##
## --------- ##

hostname = CentOS7
uname -m = x86_64
uname -r = 3.10.0-957.12.2.el7.x86_64
uname -s = Linux
uname -v = #1 SMP Tue May 14 21:24:32 UTC 2019

/usr/bin/uname -p = x86_64
/bin/uname -X     = unknown

/bin/arch              = x86_64
/usr/bin/arch -k       = unknown
/usr/convex/getsysinfo = unknown
/usr/bin/hostinfo      = unknown
/bin/machine           = unknown
/usr/bin/oslevel       = unknown
/bin/universe          = unknown

PATH: /usr/lib64/qt-3.3/bin
PATH: /usr/local/bin
PATH: /usr/local/sbin
PATH: /usr/bin
PATH: /usr/sbin
PATH: /bin
PATH: /sbin
PATH: /opt/android-ndk-r12b
PATH: /opt/jdk1.7.0_80/bin
PATH: /opt/jdk1.7.0_80/jre/bin
PATH: /home/lee/ProgramsEnv/Android-SDK/Sdk/platform-tools
PATH: /home/lee/ProgramsEnv/Android-SDK/Sdk/tools/bin
PATH: /usr/local/go/bin
PATH: /usr/local/kubernetes/server/bin/
PATH: /opt/depot_tools
PATH: /opt/xtensa-lx106-elf/bin/
PATH: /home/lee/.local/bin
PATH: /home/lee/bin
PATH: /opt/depot_tools
PATH: /opt/xtensa-lx106-elf/bin/


## ----------- ##
## Core tests. ##
## ----------- ##

configure:2230: checking build system type
configure:2244: result: x86_64-unknown-linux-gnu
configure:2264: checking host system type
configure:2277: result: x86_64-unknown-linux-gnu
configure:2384: checking for gcc
configure:2400: found /usr/bin/gcc
configure:2411: result: gcc
configure:2640: checking for C compiler version
configure:2649: gcc --version >&5
gcc (GCC) 4.8.5 20150623 (Red Hat 4.8.5-36)
Copyright (C) 2015 Free Software Foundation, Inc.
This is free software; see the source for copying conditions.  There is NO
warranty; not even for MERCHANTABILITY or FITNESS FOR A PARTICULAR PURPOSE.

configure:2660: $? = 0
configure:2649: gcc -v >&5
Using built-in specs.
COLLECT_GCC=gcc
COLLECT_LTO_WRAPPER=/usr/libexec/gcc/x86_64-redhat-linux/4.8.5/lto-wrapper
Target: x86_64-redhat-linux
Configured with: ../configure --prefix=/usr --mandir=/usr/share/man --infodir=/usr/share/info --with-bugurl=http://bugzilla.redhat.com/bugzilla --enable-bootstrap --enable-shared --enable-threads=posix --enable-checking=release --with-system-zlib --enable-__cxa_atexit --disable-libunwind-exceptions --enable-gnu-unique-object --enable-linker-build-id --with-linker-hash-style=gnu --enable-languages=c,c++,objc,obj-c++,java,fortran,ada,go,lto --enable-plugin --enable-initfini-array --disable-libgcj --with-isl=/builddir/build/BUILD/gcc-4.8.5-20150702/obj-x86_64-redhat-linux/isl-install --with-cloog=/builddir/build/BUILD/gcc-4.8.5-20150702/obj-x86_64-redhat-linux/cloog-install --enable-gnu-indirect-function --with-tune=generic --with-arch_32=x86-64 --build=x86_64-redhat-linux
Thread model: posix
gcc version 4.8.5 20150623 (Red Hat 4.8.5-36) (GCC) 
configure:2660: $? = 0
configure:2649: gcc -V >&5
gcc: error: unrecognized command line option '-V'
gcc: fatal error: no input files
compilation terminated.
configure:2660: $? = 4
configure:2649: gcc -qversion >&5
gcc: error: unrecognized command line option '-qversion'
gcc: fatal error: no input files
compilation terminated.
configure:2660: $? = 4
configure:2680: checking whether the C compiler works
configure:2702: gcc    conftest.c  >&5
configure:2706: $? = 0
configure:2754: result: yes
configure:2757: checking for C compiler default output file name
configure:2759: result: a.out
configure:2765: checking for suffix of executables
configure:2772: gcc -o conftest    conftest.c  >&5
configure:2776: $? = 0
configure:2798: result: 
configure:2820: checking whether we are cross compiling
configure:2828: gcc -o conftest    conftest.c  >&5
configure:2832: $? = 0
configure:2839: ./conftest
configure:2843: $? = 0
configure:2858: result: no
configure:2863: checking for suffix of object files
configure:2885: gcc -c   conftest.c >&5
configure:2889: $? = 0
configure:2910: result: o
configure:2914: checking whether we are using the GNU C compiler
configure:2933: gcc -c   conftest.c >&5
configure:2933: $? = 0
configure:2942: result: yes
configure:2951: checking whether gcc accepts -g
configure:2971: gcc -c -g  conftest.c >&5
configure:2971: $? = 0
configure:3012: result: yes
configure:3029: checking for gcc option to accept ISO C89
configure:3092: gcc  -c -g -O2  conftest.c >&5
configure:3092: $? = 0
configure:3105: result: none needed
configure:3125: checking for GNU make
configure:3144: result: make
configure:3326: checking checking for compiler 'attribute weakref' support
configure:3372: gcc -c -g -O2 -Wall -Wno-unused -Werror  conftest.c >&5
conftest.c:9:46: error: 'weakref' attribute ignored because function is defined [-Werror=attributes]
 static void __attribute__((weakref("foo"))) *test(void *muffin, ...) {return (void *) 0;}
                                              ^
cc1: all warnings being treated as errors
configure:3372: $? = 1
configure: failed program was:
| /* confdefs.h */
| #define PACKAGE_NAME ""
| #define PACKAGE_TARNAME ""
| #define PACKAGE_VERSION ""
| #define PACKAGE_STRING ""
| #define PACKAGE_BUGREPORT ""
| #define PACKAGE_URL ""
| /* end confdefs.h.  */
| static void __attribute__((weakref("foo"))) *test(void *muffin, ...) {return (void *) 0;}
| int
| main ()
| {
| 
|   ;
|   return 0;
| }
configure:3382: result: no
configure:3473: checking how to run the C preprocessor
configure:3504: gcc -E  conftest.c
configure:3504: $? = 0
configure:3518: gcc -E  conftest.c
conftest.c:9:28: fatal error: ac_nonexistent.h: No such file or directory
 #include <ac_nonexistent.h>
                            ^
compilation terminated.
configure:3518: $? = 1
configure: failed program was:
| /* confdefs.h */
| #define PACKAGE_NAME ""
| #define PACKAGE_TARNAME ""
| #define PACKAGE_VERSION ""
| #define PACKAGE_STRING ""
| #define PACKAGE_BUGREPORT ""
| #define PACKAGE_URL ""
| /* end confdefs.h.  */
| #include <ac_nonexistent.h>
configure:3543: result: gcc -E
configure:3563: gcc -E  conftest.c
configure:3563: $? = 0
configure:3577: gcc -E  conftest.c
conftest.c:9:28: fatal error: ac_nonexistent.h: No such file or directory
 #include <ac_nonexistent.h>
                            ^
compilation terminated.
configure:3577: $? = 1
configure: failed program was:
| /* confdefs.h */
| #define PACKAGE_NAME ""
| #define PACKAGE_TARNAME ""
| #define PACKAGE_VERSION ""
| #define PACKAGE_STRING ""
| #define PACKAGE_BUGREPORT ""
| #define PACKAGE_URL ""
| /* end confdefs.h.  */
| #include <ac_nonexistent.h>
configure:3606: checking for grep that handles long lines and -e
configure:3664: result: /usr/bin/grep
configure:3669: checking for egrep
configure:3731: result: /usr/bin/grep -E
configure:3736: checking for ANSI C header files
configure:3756: gcc -c -g -O2  conftest.c >&5
configure:3756: $? = 0
configure:3829: gcc -o conftest -g -O2   conftest.c  >&5
configure:3829: $? = 0
configure:3829: ./conftest
configure:3829: $? = 0
configure:3840: result: yes
configure:3853: checking for sys/types.h
configure:3853: gcc -c -g -O2  conftest.c >&5
configure:3853: $? = 0
configure:3853: result: yes
configure:3853: checking for sys/stat.h
configure:3853: gcc -c -g -O2  conftest.c >&5
configure:3853: $? = 0
configure:3853: result: yes
configure:3853: checking for stdlib.h
configure:3853: gcc -c -g -O2  conftest.c >&5
configure:3853: $? = 0
configure:3853: result: yes
configure:3853: checking for string.h
configure:3853: gcc -c -g -O2  conftest.c >&5
configure:3853: $? = 0
configure:3853: result: yes
configure:3853: checking for memory.h
configure:3853: gcc -c -g -O2  conftest.c >&5
configure:3853: $? = 0
configure:3853: result: yes
configure:3853: checking for strings.h
configure:3853: gcc -c -g -O2  conftest.c >&5
configure:3853: $? = 0
configure:3853: result: yes
configure:3853: checking for inttypes.h
configure:3853: gcc -c -g -O2  conftest.c >&5
configure:3853: $? = 0
configure:3853: result: yes
configure:3853: checking for stdint.h
configure:3853: gcc -c -g -O2  conftest.c >&5
configure:3853: $? = 0
configure:3853: result: yes
configure:3853: checking for unistd.h
configure:3853: gcc -c -g -O2  conftest.c >&5
configure:3853: $? = 0
configure:3853: result: yes
configure:3865: checking for size_t
configure:3865: gcc -c -g -O2  conftest.c >&5
configure:3865: $? = 0
configure:3865: gcc -c -g -O2  conftest.c >&5
conftest.c: In function 'main':
conftest.c:55:21: error: expected expression before ')' token
 if (sizeof ((size_t)))
                     ^
configure:3865: $? = 1
configure: failed program was:
| /* confdefs.h */
| #define PACKAGE_NAME ""
| #define PACKAGE_TARNAME ""
| #define PACKAGE_VERSION ""
| #define PACKAGE_STRING ""
| #define PACKAGE_BUGREPORT ""
| #define PACKAGE_URL ""
| #define STDC_HEADERS 1
| #define HAVE_SYS_TYPES_H 1
| #define HAVE_SYS_STAT_H 1
| #define HAVE_STDLIB_H 1
| #define HAVE_STRING_H 1
| #define HAVE_MEMORY_H 1
| #define HAVE_STRINGS_H 1
| #define HAVE_INTTYPES_H 1
| #define HAVE_STDINT_H 1
| #define HAVE_UNISTD_H 1
| /* end confdefs.h.  */
| #include <stdio.h>
| #ifdef HAVE_SYS_TYPES_H
| # include <sys/types.h>
| #endif
| #ifdef HAVE_SYS_STAT_H
| # include <sys/stat.h>
| #endif
| #ifdef STDC_HEADERS
| # include <stdlib.h>
| # include <stddef.h>
| #else
| # ifdef HAVE_STDLIB_H
| #  include <stdlib.h>
| # endif
| #endif
| #ifdef HAVE_STRING_H
| # if !defined STDC_HEADERS && defined HAVE_MEMORY_H
| #  include <memory.h>
| # endif
| # include <string.h>
| #endif
| #ifdef HAVE_STRINGS_H
| # include <strings.h>
| #endif
| #ifdef HAVE_INTTYPES_H
| # include <inttypes.h>
| #endif
| #ifdef HAVE_STDINT_H
| # include <stdint.h>
| #endif
| #ifdef HAVE_UNISTD_H
| # include <unistd.h>
| #endif
| int
| main ()
| {
| if (sizeof ((size_t)))
| 	    return 0;
|   ;
|   return 0;
| }
configure:3865: result: yes
configure:3878: checking for working alloca.h
configure:3895: gcc -o conftest -g -O2   conftest.c  >&5
configure:3895: $? = 0
configure:3903: result: yes
configure:3911: checking for alloca
configure:3948: gcc -o conftest -g -O2   conftest.c  >&5
configure:3948: $? = 0
configure:3956: result: yes
configure:4065: checking for asprintf
configure:4065: gcc -o conftest -g -O2   conftest.c  >&5
configure:4065: $? = 0
configure:4065: result: yes
configure:4065: checking for getloadavg
configure:4065: gcc -o conftest -g -O2   conftest.c  >&5
configure:4065: $? = 0
configure:4065: result: yes
configure:4065: checking for setenv
configure:4065: gcc -o conftest -g -O2   conftest.c  >&5
configure:4065: $? = 0
configure:4065: result: yes
configure:4065: checking for strcasestr
configure:4065: gcc -o conftest -g -O2   conftest.c  >&5
configure:4065: $? = 0
configure:4065: result: yes
configure:4065: checking for strndup
configure:4065: gcc -o conftest -g -O2   conftest.c  >&5
conftest.c:48:6: warning: conflicting types for built-in function 'strndup' [enabled by default]
 char strndup ();
      ^
configure:4065: $? = 0
configure:4065: result: yes
configure:4065: checking for strnlen
configure:4065: gcc -o conftest -g -O2   conftest.c  >&5
configure:4065: $? = 0
configure:4065: result: yes
configure:4065: checking for strsep
configure:4065: gcc -o conftest -g -O2   conftest.c  >&5
configure:4065: $? = 0
configure:4065: result: yes
configure:4065: checking for unsetenv
configure:4065: gcc -o conftest -g -O2   conftest.c  >&5
configure:4065: $? = 0
configure:4065: result: yes
configure:4065: checking for vasprintf
configure:4065: gcc -o conftest -g -O2   conftest.c  >&5
configure:4065: $? = 0
configure:4065: result: yes
configure:4169: checking for newtBell in -lnewt
configure:4194: gcc -o conftest -g -O2   conftest.c -lnewt    >&5
configure:4194: $? = 0
configure:4203: result: yes
configure:4231: checking newt.h usability
configure:4231: gcc -c -g -O2  conftest.c >&5
configure:4231: $? = 0
configure:4231: result: yes
configure:4231: checking newt.h presence
configure:4231: gcc -E  conftest.c
configure:4231: $? = 0
configure:4231: result: yes
configure:4231: checking for newt.h
configure:4231: result: yes
configure:4289: checking for initscr in -lcurses
configure:4314: gcc -o conftest -g -O2   conftest.c -lcurses    >&5
configure:4314: $? = 0
configure:4323: result: yes
configure:4351: checking curses.h usability
configure:4351: gcc -c -g -O2  conftest.c >&5
configure:4351: $? = 0
configure:4351: result: yes
configure:4351: checking curses.h presence
configure:4351: gcc -E  conftest.c
configure:4351: $? = 0
configure:4351: result: yes
configure:4351: checking for curses.h
configure:4351: result: yes
configure:4409: checking for initscr in -lncurses
configure:4434: gcc -o conftest -g -O2   conftest.c -lncurses    >&5
configure:4434: $? = 0
configure:4443: result: yes
configure:4471: checking for curses.h
configure:4471: result: yes
configure:4564: checking for pkg-config
configure:4580: found /usr/bin/pkg-config
configure:4591: result: pkg-config
configure:4747: creating ./config.status

## ---------------------- ##
## Running config.status. ##
## ---------------------- ##

This file was extended by config.status, which was
generated by GNU Autoconf 2.69.  Invocation command line was

  CONFIG_FILES    = 
  CONFIG_HEADERS  = 
  CONFIG_LINKS    = 
  CONFIG_COMMANDS = 
  $ ./config.status 

on CentOS7

config.status:842: creating makeopts
config.status:842: creating autoconfig.h
configure:5971: === configuring in mxml (/home/lee/Github/wtkrtc-sdk-api/wtkrtc_server/asterisk-11.16.0/menuselect/mxml)
configure:6034: running /bin/sh ./configure --disable-option-checking '--prefix=/usr/local'  --cache-file=/dev/null --srcdir=.
configure:6051: Menuselect build configuration successfully completed

## ---------------- ##
## Cache variables. ##
## ---------------- ##

ac_cv_GNU_MAKE=make
ac_cv_GNU_MAKE_VERSION_MAJOR=3
ac_cv_GNU_MAKE_VERSION_MINOR=82
ac_cv_build=x86_64-unknown-linux-gnu
ac_cv_c_compiler_gnu=yes
ac_cv_env_CC_set=
ac_cv_env_CC_value=
ac_cv_env_CFLAGS_set=
ac_cv_env_CFLAGS_value=
ac_cv_env_CPPFLAGS_set=
ac_cv_env_CPPFLAGS_value=
ac_cv_env_CPP_set=
ac_cv_env_CPP_value=
ac_cv_env_LDFLAGS_set=
ac_cv_env_LDFLAGS_value=
ac_cv_env_LIBS_set=
ac_cv_env_LIBS_value=
ac_cv_env_build_alias_set=
ac_cv_env_build_alias_value=
ac_cv_env_host_alias_set=
ac_cv_env_host_alias_value=
ac_cv_env_target_alias_set=
ac_cv_env_target_alias_value=
ac_cv_func_alloca_works=yes
ac_cv_func_asprintf=yes
ac_cv_func_getloadavg=yes
ac_cv_func_setenv=yes
ac_cv_func_strcasestr=yes
ac_cv_func_strndup=yes
ac_cv_func_strnlen=yes
ac_cv_func_strsep=yes
ac_cv_func_unsetenv=yes
ac_cv_func_vasprintf=yes
ac_cv_header_curses_h=yes
ac_cv_header_inttypes_h=yes
ac_cv_header_memory_h=yes
ac_cv_header_newt_h=yes
ac_cv_header_stdc=yes
ac_cv_header_stdint_h=yes
ac_cv_header_stdlib_h=yes
ac_cv_header_string_h=yes
ac_cv_header_strings_h=yes
ac_cv_header_sys_stat_h=yes
ac_cv_header_sys_types_h=yes
ac_cv_header_unistd_h=yes
ac_cv_host=x86_64-unknown-linux-gnu
ac_cv_lib_curses_initscr=yes
ac_cv_lib_ncurses_initscr=yes
ac_cv_lib_newt_newtBell=yes
ac_cv_objext=o
ac_cv_path_EGREP='/usr/bin/grep -E'
ac_cv_path_GREP=/usr/bin/grep
ac_cv_prog_CPP='gcc -E'
ac_cv_prog_ac_ct_CC=gcc
ac_cv_prog_ac_ct_PKGCONFIG=pkg-config
ac_cv_prog_cc_c89=
ac_cv_prog_cc_g=yes
ac_cv_type_size_t=yes
ac_cv_working_alloca_h=yes

## ----------------- ##
## Output variables. ##
## ----------------- ##

ALLOCA=''
CC='gcc'
CFLAGS='-g -O2'
CPP='gcc -E'
CPPFLAGS=''
CURSES_INCLUDE=''
CURSES_LIB='-lcurses '
DEFS='-DHAVE_CONFIG_H'
ECHO_C=''
ECHO_N='-n'
ECHO_T=''
EGREP='/usr/bin/grep -E'
EXEEXT=''
GNU_MAKE='make'
GREP='/usr/bin/grep'
GTK2_INCLUDE='-pthread -I/usr/include/gtk-2.0 -I/usr/lib64/gtk-2.0/include -I/usr/include/atk-1.0 -I/usr/include/cairo -I/usr/include/gdk-pixbuf-2.0 -I/usr/include/pango-1.0 -I/usr/include/fribidi -I/usr/include/glib-2.0 -I/usr/lib64/glib-2.0/include -I/usr/include/harfbuzz -I/usr/include/freetype2 -I/usr/include/libpng15 -I/usr/include/uuid -I/usr/include/pixman-1 -I/usr/include/libdrm  '
GTK2_LIB='-lgtk-x11-2.0 -lgdk-x11-2.0 -latk-1.0 -lgio-2.0 -lpangoft2-1.0 -lpangocairo-1.0 -lgdk_pixbuf-2.0 -lcairo -lpango-1.0 -lfontconfig -lgobject-2.0 -lglib-2.0 -lfreetype  '
HOST_OS='linux-gnu'
LDFLAGS=''
LIBOBJS=''
LIBS=''
LTLIBOBJS=''
MENUSELECT_DEBUG=''
NCURSES_INCLUDE=''
NCURSES_LIB='-lncurses '
NEWT_INCLUDE=''
NEWT_LIB='-lnewt '
OBJEXT='o'
PACKAGE_BUGREPORT=''
PACKAGE_NAME=''
PACKAGE_STRING=''
PACKAGE_TARNAME=''
PACKAGE_URL=''
PACKAGE_VERSION=''
PATH_SEPARATOR=':'
PBX_CURSES='1'
PBX_GTK2='1'
PBX_NCURSES='1'
PBX_NEWT='1'
PBX_WEAKREF='0'
PKGCONFIG='pkg-config'
SHELL='/bin/sh'
ac_ct_CC='gcc'
bindir='${exec_prefix}/bin'
build='x86_64-unknown-linux-gnu'
build_alias=''
build_cpu='x86_64'
build_os='linux-gnu'
build_vendor='unknown'
datadir='${datarootdir}'
datarootdir='${prefix}/share'
docdir='${datarootdir}/doc/${PACKAGE}'
dvidir='${docdir}'
exec_prefix='${prefix}'
host='x86_64-unknown-linux-gnu'
host_alias=''
host_cpu='x86_64'
host_os='linux-gnu'
host_vendor='unknown'
htmldir='${docdir}'
includedir='${prefix}/include'
infodir='${datarootdir}/info'
libdir='${exec_prefix}/lib'
libexecdir='${exec_prefix}/libexec'
localedir='${datarootdir}/locale'
localstatedir='${prefix}/var'
mandir='${datarootdir}/man'
oldincludedir='/usr/include'
pdfdir='${docdir}'
prefix='/usr/local'
program_transform_name='s,x,x,'
psdir='${docdir}'
sbindir='${exec_prefix}/sbin'
sharedstatedir='${prefix}/com'
subdirs=' mxml'
sysconfdir='${prefix}/etc'
target_alias=''

## ----------- ##
## confdefs.h. ##
## ----------- ##

/* confdefs.h */
#define PACKAGE_NAME ""
#define PACKAGE_TARNAME ""
#define PACKAGE_VERSION ""
#define PACKAGE_STRING ""
#define PACKAGE_BUGREPORT ""
#define PACKAGE_URL ""
#define STDC_HEADERS 1
#define HAVE_SYS_TYPES_H 1
#define HAVE_SYS_STAT_H 1
#define HAVE_STDLIB_H 1
#define HAVE_STRING_H 1
#define HAVE_MEMORY_H 1
#define HAVE_STRINGS_H 1
#define HAVE_INTTYPES_H 1
#define HAVE_STDINT_H 1
#define HAVE_UNISTD_H 1
#define HAVE_ALLOCA_H 1
#define HAVE_ALLOCA 1
#define HAVE_ASPRINTF 1
#define HAVE_GETLOADAVG 1
#define HAVE_SETENV 1
#define HAVE_STRCASESTR 1
#define HAVE_STRNDUP 1
#define HAVE_STRNLEN 1
#define HAVE_STRSEP 1
#define HAVE_UNSETENV 1
#define HAVE_VASPRINTF 1
#define HAVE_NEWT 1
#define HAVE_CURSES 1
#define HAVE_NCURSES 1
#define HAVE_GTK2 1

configure: exit 0
