This file contains any messages produced by compilers while
running configure, to aid debugging if configure makes a mistake.

It was created by pjproject aconfigure 2.x, which was
generated by GNU Autoconf 2.65.  Invocation command line was

  $ ./aconfigure --build=x86_64-unknown-linux-gnu --host=x86_64-unknown-linux-gnu --disable-floating-point --disable-sound --disable-oss --disable-speex-aec --disable-l16-codec --disable-gsm-codec --disable-g722-codec --disable-g7221-codec --disable-speex-codec --disable-ilbc-codec --disable-g711-codec

## --------- ##
## Platform. ##
## --------- ##

hostname = CentOS7
uname -m = x86_64
uname -r = 3.10.0-957.12.2.el7.x86_64
uname -s = Linux
uname -v = #1 SMP Tue May 14 21:24:32 UTC 2019

/usr/bin/uname -p = x86_64
/bin/uname -X     = unknown

/bin/arch              = x86_64
/usr/bin/arch -k       = unknown
/usr/convex/getsysinfo = unknown
/usr/bin/hostinfo      = unknown
/bin/machine           = unknown
/usr/bin/oslevel       = unknown
/bin/universe          = unknown

PATH: /usr/lib64/qt-3.3/bin
PATH: /usr/local/bin
PATH: /usr/local/sbin
PATH: /usr/bin
PATH: /usr/sbin
PATH: /bin
PATH: /sbin
PATH: /opt/android-ndk-r12b
PATH: /opt/jdk1.7.0_80/bin
PATH: /opt/jdk1.7.0_80/jre/bin
PATH: /home/lee/ProgramsEnv/Android-SDK/Sdk/platform-tools
PATH: /home/lee/ProgramsEnv/Android-SDK/Sdk/tools/bin
PATH: /usr/local/go/bin
PATH: /usr/local/kubernetes/server/bin/
PATH: /opt/depot_tools
PATH: /opt/xtensa-lx106-elf/bin/
PATH: /home/lee/.local/bin
PATH: /home/lee/bin
PATH: /opt/depot_tools
PATH: /opt/xtensa-lx106-elf/bin/


## ----------- ##
## Core tests. ##
## ----------- ##

aconfigure:2298: checking build system type
aconfigure:2312: result: x86_64-unknown-linux-gnu
aconfigure:2332: checking host system type
aconfigure:2345: result: x86_64-unknown-linux-gnu
aconfigure:2365: checking target system type
aconfigure:2378: result: x86_64-unknown-linux-gnu
aconfigure:2426: checking for x86_64-unknown-linux-gnu-gcc
aconfigure:2453: result: gcc
aconfigure:2722: checking for C compiler version
aconfigure:2731: gcc --version >&5
gcc (GCC) 4.8.5 20150623 (Red Hat 4.8.5-36)
Copyright (C) 2015 Free Software Foundation, Inc.
This is free software; see the source for copying conditions.  There is NO
warranty; not even for MERCHANTABILITY or FITNESS FOR A PARTICULAR PURPOSE.

aconfigure:2742: $? = 0
aconfigure:2731: gcc -v >&5
Using built-in specs.
COLLECT_GCC=gcc
COLLECT_LTO_WRAPPER=/usr/libexec/gcc/x86_64-redhat-linux/4.8.5/lto-wrapper
Target: x86_64-redhat-linux
Configured with: ../configure --prefix=/usr --mandir=/usr/share/man --infodir=/usr/share/info --with-bugurl=http://bugzilla.redhat.com/bugzilla --enable-bootstrap --enable-shared --enable-threads=posix --enable-checking=release --with-system-zlib --enable-__cxa_atexit --disable-libunwind-exceptions --enable-gnu-unique-object --enable-linker-build-id --with-linker-hash-style=gnu --enable-languages=c,c++,objc,obj-c++,java,fortran,ada,go,lto --enable-plugin --enable-initfini-array --disable-libgcj --with-isl=/builddir/build/BUILD/gcc-4.8.5-20150702/obj-x86_64-redhat-linux/isl-install --with-cloog=/builddir/build/BUILD/gcc-4.8.5-20150702/obj-x86_64-redhat-linux/cloog-install --enable-gnu-indirect-function --with-tune=generic --with-arch_32=x86-64 --build=x86_64-redhat-linux
Thread model: posix
gcc version 4.8.5 20150623 (Red Hat 4.8.5-36) (GCC) 
aconfigure:2742: $? = 0
aconfigure:2731: gcc -V >&5
gcc: error: unrecognized command line option '-V'
gcc: fatal error: no input files
compilation terminated.
aconfigure:2742: $? = 4
aconfigure:2731: gcc -qversion >&5
gcc: error: unrecognized command line option '-qversion'
gcc: fatal error: no input files
compilation terminated.
aconfigure:2742: $? = 4
aconfigure:2762: checking whether the C compiler works
aconfigure:2784: gcc -fPIC   conftest.c  >&5
aconfigure:2788: $? = 0
aconfigure:2837: result: yes
aconfigure:2840: checking for C compiler default output file name
aconfigure:2842: result: a.out
aconfigure:2848: checking for suffix of executables
aconfigure:2855: gcc -o conftest -fPIC   conftest.c  >&5
aconfigure:2859: $? = 0
aconfigure:2881: result: 
aconfigure:2903: checking whether we are cross compiling
aconfigure:2911: gcc -o conftest -fPIC   conftest.c  >&5
aconfigure:2915: $? = 0
aconfigure:2922: ./conftest
aconfigure:2926: $? = 0
aconfigure:2941: result: no
aconfigure:2946: checking for suffix of object files
aconfigure:2968: gcc -c -fPIC  conftest.c >&5
aconfigure:2972: $? = 0
aconfigure:2993: result: o
aconfigure:2997: checking whether we are using the GNU C compiler
aconfigure:3016: gcc -c -fPIC  conftest.c >&5
aconfigure:3016: $? = 0
aconfigure:3025: result: yes
aconfigure:3034: checking whether gcc accepts -g
aconfigure:3054: gcc -c -g  conftest.c >&5
aconfigure:3054: $? = 0
aconfigure:3095: result: yes
aconfigure:3112: checking for gcc option to accept ISO C89
aconfigure:3176: gcc  -c -fPIC  conftest.c >&5
aconfigure:3176: $? = 0
aconfigure:3189: result: none needed
aconfigure:3321: checking for C++ compiler version
aconfigure:3330: g++ --version >&5
g++ (GCC) 4.8.5 20150623 (Red Hat 4.8.5-36)
Copyright (C) 2015 Free Software Foundation, Inc.
This is free software; see the source for copying conditions.  There is NO
warranty; not even for MERCHANTABILITY or FITNESS FOR A PARTICULAR PURPOSE.

aconfigure:3341: $? = 0
aconfigure:3330: g++ -v >&5
Using built-in specs.
COLLECT_GCC=g++
COLLECT_LTO_WRAPPER=/usr/libexec/gcc/x86_64-redhat-linux/4.8.5/lto-wrapper
Target: x86_64-redhat-linux
Configured with: ../configure --prefix=/usr --mandir=/usr/share/man --infodir=/usr/share/info --with-bugurl=http://bugzilla.redhat.com/bugzilla --enable-bootstrap --enable-shared --enable-threads=posix --enable-checking=release --with-system-zlib --enable-__cxa_atexit --disable-libunwind-exceptions --enable-gnu-unique-object --enable-linker-build-id --with-linker-hash-style=gnu --enable-languages=c,c++,objc,obj-c++,java,fortran,ada,go,lto --enable-plugin --enable-initfini-array --disable-libgcj --with-isl=/builddir/build/BUILD/gcc-4.8.5-20150702/obj-x86_64-redhat-linux/isl-install --with-cloog=/builddir/build/BUILD/gcc-4.8.5-20150702/obj-x86_64-redhat-linux/cloog-install --enable-gnu-indirect-function --with-tune=generic --with-arch_32=x86-64 --build=x86_64-redhat-linux
Thread model: posix
gcc version 4.8.5 20150623 (Red Hat 4.8.5-36) (GCC) 
aconfigure:3341: $? = 0
aconfigure:3330: g++ -V >&5
g++: error: unrecognized command line option '-V'
g++: fatal error: no input files
compilation terminated.
aconfigure:3341: $? = 4
aconfigure:3330: g++ -qversion >&5
g++: error: unrecognized command line option '-qversion'
g++: fatal error: no input files
compilation terminated.
aconfigure:3341: $? = 4
aconfigure:3345: checking whether we are using the GNU C++ compiler
aconfigure:3364: g++ -c -fPIC   conftest.cpp >&5
aconfigure:3364: $? = 0
aconfigure:3373: result: yes
aconfigure:3382: checking whether g++ accepts -g
aconfigure:3402: g++ -c -g  conftest.cpp >&5
aconfigure:3402: $? = 0
aconfigure:3443: result: yes
aconfigure:3476: checking for x86_64-unknown-linux-gnu-ranlib
aconfigure:3503: result: ranlib
aconfigure:3570: checking for x86_64-unknown-linux-gnu-ar
aconfigure:3597: result: ar
aconfigure:3722: checking for pthread_create in -lpthread
aconfigure:3747: gcc -o conftest -fPIC   conftest.c -lpthread   >&5
aconfigure:3747: $? = 0
aconfigure:3756: result: yes
aconfigure:3767: checking for puts in -lwsock32
aconfigure:3792: gcc -o conftest -fPIC   conftest.c -lwsock32  -lpthread  >&5
conftest.c:17:6: warning: conflicting types for built-in function 'puts' [enabled by default]
 char puts ();
      ^
/usr/bin/ld: cannot find -lwsock32
collect2: error: ld returned 1 exit status
aconfigure:3792: $? = 1
aconfigure: failed program was:
| /* confdefs.h */
| #define PACKAGE_NAME "pjproject"
| #define PACKAGE_TARNAME "pjproject"
| #define PACKAGE_VERSION "2.x"
| #define PACKAGE_STRING "pjproject 2.x"
| #define PACKAGE_BUGREPORT ""
| #define PACKAGE_URL ""
| #define HAVE_LIBPTHREAD 1
| /* end confdefs.h.  */
| 
| /* Override any GCC internal prototype to avoid an error.
|    Use char because int might match the return type of a GCC
|    builtin and then its argument prototype would still apply.  */
| #ifdef __cplusplus
| extern "C"
| #endif
| char puts ();
| int
| main ()
| {
| return puts ();
|   ;
|   return 0;
| }
aconfigure:3801: result: no
aconfigure:3812: checking for puts in -lws2_32
aconfigure:3837: gcc -o conftest -fPIC   conftest.c -lws2_32  -lpthread  >&5
conftest.c:17:6: warning: conflicting types for built-in function 'puts' [enabled by default]
 char puts ();
      ^
/usr/bin/ld: cannot find -lws2_32
collect2: error: ld returned 1 exit status
aconfigure:3837: $? = 1
aconfigure: failed program was:
| /* confdefs.h */
| #define PACKAGE_NAME "pjproject"
| #define PACKAGE_TARNAME "pjproject"
| #define PACKAGE_VERSION "2.x"
| #define PACKAGE_STRING "pjproject 2.x"
| #define PACKAGE_BUGREPORT ""
| #define PACKAGE_URL ""
| #define HAVE_LIBPTHREAD 1
| /* end confdefs.h.  */
| 
| /* Override any GCC internal prototype to avoid an error.
|    Use char because int might match the return type of a GCC
|    builtin and then its argument prototype would still apply.  */
| #ifdef __cplusplus
| extern "C"
| #endif
| char puts ();
| int
| main ()
| {
| return puts ();
|   ;
|   return 0;
| }
aconfigure:3846: result: no
aconfigure:3857: checking for puts in -lole32
aconfigure:3882: gcc -o conftest -fPIC   conftest.c -lole32  -lpthread  >&5
conftest.c:17:6: warning: conflicting types for built-in function 'puts' [enabled by default]
 char puts ();
      ^
/usr/bin/ld: cannot find -lole32
collect2: error: ld returned 1 exit status
aconfigure:3882: $? = 1
aconfigure: failed program was:
| /* confdefs.h */
| #define PACKAGE_NAME "pjproject"
| #define PACKAGE_TARNAME "pjproject"
| #define PACKAGE_VERSION "2.x"
| #define PACKAGE_STRING "pjproject 2.x"
| #define PACKAGE_BUGREPORT ""
| #define PACKAGE_URL ""
| #define HAVE_LIBPTHREAD 1
| /* end confdefs.h.  */
| 
| /* Override any GCC internal prototype to avoid an error.
|    Use char because int might match the return type of a GCC
|    builtin and then its argument prototype would still apply.  */
| #ifdef __cplusplus
| extern "C"
| #endif
| char puts ();
| int
| main ()
| {
| return puts ();
|   ;
|   return 0;
| }
aconfigure:3891: result: no
aconfigure:3902: checking for puts in -lwinmm
aconfigure:3927: gcc -o conftest -fPIC   conftest.c -lwinmm  -lpthread  >&5
conftest.c:17:6: warning: conflicting types for built-in function 'puts' [enabled by default]
 char puts ();
      ^
/usr/bin/ld: cannot find -lwinmm
collect2: error: ld returned 1 exit status
aconfigure:3927: $? = 1
aconfigure: failed program was:
| /* confdefs.h */
| #define PACKAGE_NAME "pjproject"
| #define PACKAGE_TARNAME "pjproject"
| #define PACKAGE_VERSION "2.x"
| #define PACKAGE_STRING "pjproject 2.x"
| #define PACKAGE_BUGREPORT ""
| #define PACKAGE_URL ""
| #define HAVE_LIBPTHREAD 1
| /* end confdefs.h.  */
| 
| /* Override any GCC internal prototype to avoid an error.
|    Use char because int might match the return type of a GCC
|    builtin and then its argument prototype would still apply.  */
| #ifdef __cplusplus
| extern "C"
| #endif
| char puts ();
| int
| main ()
| {
| return puts ();
|   ;
|   return 0;
| }
aconfigure:3936: result: no
aconfigure:3947: checking for puts in -lsocket
aconfigure:3972: gcc -o conftest -fPIC   conftest.c -lsocket  -lpthread  >&5
conftest.c:17:6: warning: conflicting types for built-in function 'puts' [enabled by default]
 char puts ();
      ^
/usr/bin/ld: cannot find -lsocket
collect2: error: ld returned 1 exit status
aconfigure:3972: $? = 1
aconfigure: failed program was:
| /* confdefs.h */
| #define PACKAGE_NAME "pjproject"
| #define PACKAGE_TARNAME "pjproject"
| #define PACKAGE_VERSION "2.x"
| #define PACKAGE_STRING "pjproject 2.x"
| #define PACKAGE_BUGREPORT ""
| #define PACKAGE_URL ""
| #define HAVE_LIBPTHREAD 1
| /* end confdefs.h.  */
| 
| /* Override any GCC internal prototype to avoid an error.
|    Use char because int might match the return type of a GCC
|    builtin and then its argument prototype would still apply.  */
| #ifdef __cplusplus
| extern "C"
| #endif
| char puts ();
| int
| main ()
| {
| return puts ();
|   ;
|   return 0;
| }
aconfigure:3981: result: no
aconfigure:3992: checking for puts in -lrt
aconfigure:4017: gcc -o conftest -fPIC   conftest.c -lrt  -lpthread  >&5
conftest.c:17:6: warning: conflicting types for built-in function 'puts' [enabled by default]
 char puts ();
      ^
aconfigure:4017: $? = 0
aconfigure:4026: result: yes
aconfigure:4037: checking for puts in -lnsl
aconfigure:4062: gcc -o conftest -fPIC   conftest.c -lnsl  -lrt -lpthread  >&5
conftest.c:18:6: warning: conflicting types for built-in function 'puts' [enabled by default]
 char puts ();
      ^
aconfigure:4062: $? = 0
aconfigure:4071: result: yes
aconfigure:4082: checking for sin in -lm
aconfigure:4107: gcc -o conftest -fPIC   conftest.c -lm  -lnsl -lrt -lpthread  >&5
conftest.c:19:6: warning: conflicting types for built-in function 'sin' [enabled by default]
 char sin ();
      ^
aconfigure:4107: $? = 0
aconfigure:4116: result: yes
aconfigure:4127: checking for uuid_generate in -luuid
aconfigure:4152: gcc -o conftest -fPIC   conftest.c -luuid  -lm -lnsl -lrt -lpthread  >&5
aconfigure:4152: $? = 0
aconfigure:4161: result: yes
aconfigure:4172: checking for uuid_generate in -luuid
aconfigure:4206: result: yes
aconfigure:4213: result: Setting PJ_M_NAME to x86_64
aconfigure:4220: checking memory alignment
aconfigure:4226: result: 8 bytes
aconfigure:4243: checking how to run the C preprocessor
aconfigure:4274: gcc -E  conftest.c
aconfigure:4274: $? = 0
aconfigure:4288: gcc -E  conftest.c
conftest.c:16:28: fatal error: ac_nonexistent.h: No such file or directory
 #include <ac_nonexistent.h>
                            ^
compilation terminated.
aconfigure:4288: $? = 1
aconfigure: failed program was:
| /* confdefs.h */
| #define PACKAGE_NAME "pjproject"
| #define PACKAGE_TARNAME "pjproject"
| #define PACKAGE_VERSION "2.x"
| #define PACKAGE_STRING "pjproject 2.x"
| #define PACKAGE_BUGREPORT ""
| #define PACKAGE_URL ""
| #define HAVE_LIBPTHREAD 1
| #define HAVE_LIBRT 1
| #define HAVE_LIBNSL 1
| #define HAVE_LIBM 1
| #define HAVE_LIBUUID 1
| #define PJ_M_NAME "x86_64"
| #define PJ_POOL_ALIGNMENT 8
| /* end confdefs.h.  */
| #include <ac_nonexistent.h>
aconfigure:4313: result: gcc -E
aconfigure:4333: gcc -E  conftest.c
aconfigure:4333: $? = 0
aconfigure:4347: gcc -E  conftest.c
conftest.c:16:28: fatal error: ac_nonexistent.h: No such file or directory
 #include <ac_nonexistent.h>
                            ^
compilation terminated.
aconfigure:4347: $? = 1
aconfigure: failed program was:
| /* confdefs.h */
| #define PACKAGE_NAME "pjproject"
| #define PACKAGE_TARNAME "pjproject"
| #define PACKAGE_VERSION "2.x"
| #define PACKAGE_STRING "pjproject 2.x"
| #define PACKAGE_BUGREPORT ""
| #define PACKAGE_URL ""
| #define HAVE_LIBPTHREAD 1
| #define HAVE_LIBRT 1
| #define HAVE_LIBNSL 1
| #define HAVE_LIBM 1
| #define HAVE_LIBUUID 1
| #define PJ_M_NAME "x86_64"
| #define PJ_POOL_ALIGNMENT 8
| /* end confdefs.h.  */
| #include <ac_nonexistent.h>
aconfigure:4376: checking for grep that handles long lines and -e
aconfigure:4434: result: /usr/bin/grep
aconfigure:4439: checking for egrep
aconfigure:4501: result: /usr/bin/grep -E
aconfigure:4506: checking for ANSI C header files
aconfigure:4526: gcc -c -fPIC  conftest.c >&5
aconfigure:4526: $? = 0
aconfigure:4599: gcc -o conftest -fPIC   conftest.c -luuid -lm -lnsl -lrt -lpthread  >&5
aconfigure:4599: $? = 0
aconfigure:4599: ./conftest
aconfigure:4599: $? = 0
aconfigure:4610: result: yes
aconfigure:4623: checking for sys/types.h
aconfigure:4623: gcc -c -fPIC  conftest.c >&5
aconfigure:4623: $? = 0
aconfigure:4623: result: yes
aconfigure:4623: checking for sys/stat.h
aconfigure:4623: gcc -c -fPIC  conftest.c >&5
aconfigure:4623: $? = 0
aconfigure:4623: result: yes
aconfigure:4623: checking for stdlib.h
aconfigure:4623: gcc -c -fPIC  conftest.c >&5
aconfigure:4623: $? = 0
aconfigure:4623: result: yes
aconfigure:4623: checking for string.h
aconfigure:4623: gcc -c -fPIC  conftest.c >&5
aconfigure:4623: $? = 0
aconfigure:4623: result: yes
aconfigure:4623: checking for memory.h
aconfigure:4623: gcc -c -fPIC  conftest.c >&5
aconfigure:4623: $? = 0
aconfigure:4623: result: yes
aconfigure:4623: checking for strings.h
aconfigure:4623: gcc -c -fPIC  conftest.c >&5
aconfigure:4623: $? = 0
aconfigure:4623: result: yes
aconfigure:4623: checking for inttypes.h
aconfigure:4623: gcc -c -fPIC  conftest.c >&5
aconfigure:4623: $? = 0
aconfigure:4623: result: yes
aconfigure:4623: checking for stdint.h
aconfigure:4623: gcc -c -fPIC  conftest.c >&5
aconfigure:4623: $? = 0
aconfigure:4623: result: yes
aconfigure:4623: checking for unistd.h
aconfigure:4623: gcc -c -fPIC  conftest.c >&5
aconfigure:4623: $? = 0
aconfigure:4623: result: yes
aconfigure:4636: checking whether byte ordering is bigendian
aconfigure:4651: gcc -c -fPIC  conftest.c >&5
conftest.c:27:9: error: unknown type name 'not'
         not a universal capable compiler
         ^
conftest.c:27:15: error: expected '=', ',', ';', 'asm' or '__attribute__' before 'universal'
         not a universal capable compiler
               ^
conftest.c:27:15: error: unknown type name 'universal'
aconfigure:4651: $? = 1
aconfigure: failed program was:
| /* confdefs.h */
| #define PACKAGE_NAME "pjproject"
| #define PACKAGE_TARNAME "pjproject"
| #define PACKAGE_VERSION "2.x"
| #define PACKAGE_STRING "pjproject 2.x"
| #define PACKAGE_BUGREPORT ""
| #define PACKAGE_URL ""
| #define HAVE_LIBPTHREAD 1
| #define HAVE_LIBRT 1
| #define HAVE_LIBNSL 1
| #define HAVE_LIBM 1
| #define HAVE_LIBUUID 1
| #define PJ_M_NAME "x86_64"
| #define PJ_POOL_ALIGNMENT 8
| #define STDC_HEADERS 1
| #define HAVE_SYS_TYPES_H 1
| #define HAVE_SYS_STAT_H 1
| #define HAVE_STDLIB_H 1
| #define HAVE_STRING_H 1
| #define HAVE_MEMORY_H 1
| #define HAVE_STRINGS_H 1
| #define HAVE_INTTYPES_H 1
| #define HAVE_STDINT_H 1
| #define HAVE_UNISTD_H 1
| /* end confdefs.h.  */
| #ifndef __APPLE_CC__
| 	       not a universal capable compiler
| 	     #endif
| 	     typedef int dummy;
| 
aconfigure:4696: gcc -c -fPIC  conftest.c >&5
aconfigure:4696: $? = 0
aconfigure:4714: gcc -c -fPIC  conftest.c >&5
conftest.c: In function 'main':
conftest.c:33:4: error: unknown type name 'not'
    not big endian
    ^
conftest.c:33:12: error: expected '=', ',', ';', 'asm' or '__attribute__' before 'endian'
    not big endian
            ^
aconfigure:4714: $? = 1
aconfigure: failed program was:
| /* confdefs.h */
| #define PACKAGE_NAME "pjproject"
| #define PACKAGE_TARNAME "pjproject"
| #define PACKAGE_VERSION "2.x"
| #define PACKAGE_STRING "pjproject 2.x"
| #define PACKAGE_BUGREPORT ""
| #define PACKAGE_URL ""
| #define HAVE_LIBPTHREAD 1
| #define HAVE_LIBRT 1
| #define HAVE_LIBNSL 1
| #define HAVE_LIBM 1
| #define HAVE_LIBUUID 1
| #define PJ_M_NAME "x86_64"
| #define PJ_POOL_ALIGNMENT 8
| #define STDC_HEADERS 1
| #define HAVE_SYS_TYPES_H 1
| #define HAVE_SYS_STAT_H 1
| #define HAVE_STDLIB_H 1
| #define HAVE_STRING_H 1
| #define HAVE_MEMORY_H 1
| #define HAVE_STRINGS_H 1
| #define HAVE_INTTYPES_H 1
| #define HAVE_STDINT_H 1
| #define HAVE_UNISTD_H 1
| /* end confdefs.h.  */
| #include <sys/types.h>
| 		#include <sys/param.h>
| 
| int
| main ()
| {
| #if BYTE_ORDER != BIG_ENDIAN
| 		 not big endian
| 		#endif
| 
|   ;
|   return 0;
| }
aconfigure:4842: result: no
aconfigure:4904: result: Checking if floating point is disabled... yes
aconfigure:4918: checking arpa/inet.h usability
aconfigure:4918: gcc -c -fPIC -DPJ_IS_BIG_ENDIAN=0 -DPJ_IS_LITTLE_ENDIAN=1  conftest.c >&5
aconfigure:4918: $? = 0
aconfigure:4918: result: yes
aconfigure:4918: checking arpa/inet.h presence
aconfigure:4918: gcc -E  conftest.c
aconfigure:4918: $? = 0
aconfigure:4918: result: yes
aconfigure:4918: checking for arpa/inet.h
aconfigure:4918: result: yes
aconfigure:4925: checking assert.h usability
aconfigure:4925: gcc -c -fPIC -DPJ_IS_BIG_ENDIAN=0 -DPJ_IS_LITTLE_ENDIAN=1  conftest.c >&5
aconfigure:4925: $? = 0
aconfigure:4925: result: yes
aconfigure:4925: checking assert.h presence
aconfigure:4925: gcc -E  conftest.c
aconfigure:4925: $? = 0
aconfigure:4925: result: yes
aconfigure:4925: checking for assert.h
aconfigure:4925: result: yes
aconfigure:4932: checking ctype.h usability
aconfigure:4932: gcc -c -fPIC -DPJ_IS_BIG_ENDIAN=0 -DPJ_IS_LITTLE_ENDIAN=1  conftest.c >&5
aconfigure:4932: $? = 0
aconfigure:4932: result: yes
aconfigure:4932: checking ctype.h presence
aconfigure:4932: gcc -E  conftest.c
aconfigure:4932: $? = 0
aconfigure:4932: result: yes
aconfigure:4932: checking for ctype.h
aconfigure:4932: result: yes
aconfigure:4946: checking errno.h usability
aconfigure:4946: gcc -c -fPIC -DPJ_IS_BIG_ENDIAN=0 -DPJ_IS_LITTLE_ENDIAN=1  conftest.c >&5
aconfigure:4946: $? = 0
aconfigure:4946: result: yes
aconfigure:4946: checking errno.h presence
aconfigure:4946: gcc -E  conftest.c
aconfigure:4946: $? = 0
aconfigure:4946: result: yes
aconfigure:4946: checking for errno.h
aconfigure:4946: result: yes
aconfigure:4956: checking fcntl.h usability
aconfigure:4956: gcc -c -fPIC -DPJ_IS_BIG_ENDIAN=0 -DPJ_IS_LITTLE_ENDIAN=1  conftest.c >&5
aconfigure:4956: $? = 0
aconfigure:4956: result: yes
aconfigure:4956: checking fcntl.h presence
aconfigure:4956: gcc -E  conftest.c
aconfigure:4956: $? = 0
aconfigure:4956: result: yes
aconfigure:4956: checking for fcntl.h
aconfigure:4956: result: yes
aconfigure:4963: checking linux/socket.h usability
aconfigure:4963: gcc -c -fPIC -DPJ_IS_BIG_ENDIAN=0 -DPJ_IS_LITTLE_ENDIAN=1  conftest.c >&5
aconfigure:4963: $? = 0
aconfigure:4963: result: yes
aconfigure:4963: checking linux/socket.h presence
aconfigure:4963: gcc -E  conftest.c
aconfigure:4963: $? = 0
aconfigure:4963: result: yes
aconfigure:4963: checking for linux/socket.h
aconfigure:4963: result: yes
aconfigure:4970: checking limits.h usability
aconfigure:4970: gcc -c -fPIC -DPJ_IS_BIG_ENDIAN=0 -DPJ_IS_LITTLE_ENDIAN=1  conftest.c >&5
aconfigure:4970: $? = 0
aconfigure:4970: result: yes
aconfigure:4970: checking limits.h presence
aconfigure:4970: gcc -E  conftest.c
aconfigure:4970: $? = 0
aconfigure:4970: result: yes
aconfigure:4970: checking for limits.h
aconfigure:4970: result: yes
aconfigure:4977: checking malloc.h usability
aconfigure:4977: gcc -c -fPIC -DPJ_IS_BIG_ENDIAN=0 -DPJ_IS_LITTLE_ENDIAN=1  conftest.c >&5
aconfigure:4977: $? = 0
aconfigure:4977: result: yes
aconfigure:4977: checking malloc.h presence
aconfigure:4977: gcc -E  conftest.c
aconfigure:4977: $? = 0
aconfigure:4977: result: yes
aconfigure:4977: checking for malloc.h
aconfigure:4977: result: yes
aconfigure:4984: checking netdb.h usability
aconfigure:4984: gcc -c -fPIC -DPJ_IS_BIG_ENDIAN=0 -DPJ_IS_LITTLE_ENDIAN=1  conftest.c >&5
aconfigure:4984: $? = 0
aconfigure:4984: result: yes
aconfigure:4984: checking netdb.h presence
aconfigure:4984: gcc -E  conftest.c
aconfigure:4984: $? = 0
aconfigure:4984: result: yes
aconfigure:4984: checking for netdb.h
aconfigure:4984: result: yes
aconfigure:4991: checking netinet/in_systm.h usability
aconfigure:4991: gcc -c -fPIC -DPJ_IS_BIG_ENDIAN=0 -DPJ_IS_LITTLE_ENDIAN=1  conftest.c >&5
aconfigure:4991: $? = 0
aconfigure:4991: result: yes
aconfigure:4991: checking netinet/in_systm.h presence
aconfigure:4991: gcc -E  conftest.c
aconfigure:4991: $? = 0
aconfigure:4991: result: yes
aconfigure:4991: checking for netinet/in_systm.h
aconfigure:4991: result: yes
aconfigure:4998: checking netinet/in.h usability
aconfigure:4998: gcc -c -fPIC -DPJ_IS_BIG_ENDIAN=0 -DPJ_IS_LITTLE_ENDIAN=1  conftest.c >&5
aconfigure:4998: $? = 0
aconfigure:4998: result: yes
aconfigure:4998: checking netinet/in.h presence
aconfigure:4998: gcc -E  conftest.c
aconfigure:4998: $? = 0
aconfigure:4998: result: yes
aconfigure:4998: checking for netinet/in.h
aconfigure:4998: result: yes
aconfigure:5005: checking for netinet/ip.h
aconfigure:5005: gcc -c -fPIC -DPJ_IS_BIG_ENDIAN=0 -DPJ_IS_LITTLE_ENDIAN=1  conftest.c >&5
aconfigure:5005: $? = 0
aconfigure:5005: result: yes
aconfigure:5022: checking netinet/tcp.h usability
aconfigure:5022: gcc -c -fPIC -DPJ_IS_BIG_ENDIAN=0 -DPJ_IS_LITTLE_ENDIAN=1  conftest.c >&5
aconfigure:5022: $? = 0
aconfigure:5022: result: yes
aconfigure:5022: checking netinet/tcp.h presence
aconfigure:5022: gcc -E  conftest.c
aconfigure:5022: $? = 0
aconfigure:5022: result: yes
aconfigure:5022: checking for netinet/tcp.h
aconfigure:5022: result: yes
aconfigure:5029: checking ifaddrs.h usability
aconfigure:5029: gcc -c -fPIC -DPJ_IS_BIG_ENDIAN=0 -DPJ_IS_LITTLE_ENDIAN=1  conftest.c >&5
aconfigure:5029: $? = 0
aconfigure:5029: result: yes
aconfigure:5029: checking ifaddrs.h presence
aconfigure:5029: gcc -E  conftest.c
aconfigure:5029: $? = 0
aconfigure:5029: result: yes
aconfigure:5029: checking for ifaddrs.h
aconfigure:5029: result: yes
aconfigure:5031: checking for getifaddrs
aconfigure:5031: gcc -o conftest -fPIC -DPJ_IS_BIG_ENDIAN=0 -DPJ_IS_LITTLE_ENDIAN=1   conftest.c -luuid -lm -lnsl -lrt -lpthread  >&5
aconfigure:5031: $? = 0
aconfigure:5031: result: yes
aconfigure:5040: checking semaphore.h usability
aconfigure:5040: gcc -c -fPIC -DPJ_IS_BIG_ENDIAN=0 -DPJ_IS_LITTLE_ENDIAN=1  conftest.c >&5
aconfigure:5040: $? = 0
aconfigure:5040: result: yes
aconfigure:5040: checking semaphore.h presence
aconfigure:5040: gcc -E  conftest.c
aconfigure:5040: $? = 0
aconfigure:5040: result: yes
aconfigure:5040: checking for semaphore.h
aconfigure:5040: result: yes
aconfigure:5047: checking setjmp.h usability
aconfigure:5047: gcc -c -fPIC -DPJ_IS_BIG_ENDIAN=0 -DPJ_IS_LITTLE_ENDIAN=1  conftest.c >&5
aconfigure:5047: $? = 0
aconfigure:5047: result: yes
aconfigure:5047: checking setjmp.h presence
aconfigure:5047: gcc -E  conftest.c
aconfigure:5047: $? = 0
aconfigure:5047: result: yes
aconfigure:5047: checking for setjmp.h
aconfigure:5047: result: yes
aconfigure:5054: checking stdarg.h usability
aconfigure:5054: gcc -c -fPIC -DPJ_IS_BIG_ENDIAN=0 -DPJ_IS_LITTLE_ENDIAN=1  conftest.c >&5
aconfigure:5054: $? = 0
aconfigure:5054: result: yes
aconfigure:5054: checking stdarg.h presence
aconfigure:5054: gcc -E  conftest.c
aconfigure:5054: $? = 0
aconfigure:5054: result: yes
aconfigure:5054: checking for stdarg.h
aconfigure:5054: result: yes
aconfigure:5061: checking stddef.h usability
aconfigure:5061: gcc -c -fPIC -DPJ_IS_BIG_ENDIAN=0 -DPJ_IS_LITTLE_ENDIAN=1  conftest.c >&5
aconfigure:5061: $? = 0
aconfigure:5061: result: yes
aconfigure:5061: checking stddef.h presence
aconfigure:5061: gcc -E  conftest.c
aconfigure:5061: $? = 0
aconfigure:5061: result: yes
aconfigure:5061: checking for stddef.h
aconfigure:5061: result: yes
aconfigure:5068: checking stdio.h usability
aconfigure:5068: gcc -c -fPIC -DPJ_IS_BIG_ENDIAN=0 -DPJ_IS_LITTLE_ENDIAN=1  conftest.c >&5
aconfigure:5068: $? = 0
aconfigure:5068: result: yes
aconfigure:5068: checking stdio.h presence
aconfigure:5068: gcc -E  conftest.c
aconfigure:5068: $? = 0
aconfigure:5068: result: yes
aconfigure:5068: checking for stdio.h
aconfigure:5068: result: yes
aconfigure:5075: checking for stdint.h
aconfigure:5075: result: yes
aconfigure:5082: checking for stdlib.h
aconfigure:5082: result: yes
aconfigure:5089: checking for string.h
aconfigure:5089: result: yes
aconfigure:5096: checking sys/ioctl.h usability
aconfigure:5096: gcc -c -fPIC -DPJ_IS_BIG_ENDIAN=0 -DPJ_IS_LITTLE_ENDIAN=1  conftest.c >&5
aconfigure:5096: $? = 0
aconfigure:5096: result: yes
aconfigure:5096: checking sys/ioctl.h presence
aconfigure:5096: gcc -E  conftest.c
aconfigure:5096: $? = 0
aconfigure:5096: result: yes
aconfigure:5096: checking for sys/ioctl.h
aconfigure:5096: result: yes
aconfigure:5103: checking sys/select.h usability
aconfigure:5103: gcc -c -fPIC -DPJ_IS_BIG_ENDIAN=0 -DPJ_IS_LITTLE_ENDIAN=1  conftest.c >&5
aconfigure:5103: $? = 0
aconfigure:5103: result: yes
aconfigure:5103: checking sys/select.h presence
aconfigure:5103: gcc -E  conftest.c
aconfigure:5103: $? = 0
aconfigure:5103: result: yes
aconfigure:5103: checking for sys/select.h
aconfigure:5103: result: yes
aconfigure:5110: checking sys/socket.h usability
aconfigure:5110: gcc -c -fPIC -DPJ_IS_BIG_ENDIAN=0 -DPJ_IS_LITTLE_ENDIAN=1  conftest.c >&5
aconfigure:5110: $? = 0
aconfigure:5110: result: yes
aconfigure:5110: checking sys/socket.h presence
aconfigure:5110: gcc -E  conftest.c
aconfigure:5110: $? = 0
aconfigure:5110: result: yes
aconfigure:5110: checking for sys/socket.h
aconfigure:5110: result: yes
aconfigure:5117: checking sys/time.h usability
aconfigure:5117: gcc -c -fPIC -DPJ_IS_BIG_ENDIAN=0 -DPJ_IS_LITTLE_ENDIAN=1  conftest.c >&5
aconfigure:5117: $? = 0
aconfigure:5117: result: yes
aconfigure:5117: checking sys/time.h presence
aconfigure:5117: gcc -E  conftest.c
aconfigure:5117: $? = 0
aconfigure:5117: result: yes
aconfigure:5117: checking for sys/time.h
aconfigure:5117: result: yes
aconfigure:5124: checking sys/timeb.h usability
aconfigure:5124: gcc -c -fPIC -DPJ_IS_BIG_ENDIAN=0 -DPJ_IS_LITTLE_ENDIAN=1  conftest.c >&5
aconfigure:5124: $? = 0
aconfigure:5124: result: yes
aconfigure:5124: checking sys/timeb.h presence
aconfigure:5124: gcc -E  conftest.c
aconfigure:5124: $? = 0
aconfigure:5124: result: yes
aconfigure:5124: checking for sys/timeb.h
aconfigure:5124: result: yes
aconfigure:5131: checking for sys/types.h
aconfigure:5131: result: yes
aconfigure:5138: checking sys/filio.h usability
aconfigure:5138: gcc -c -fPIC -DPJ_IS_BIG_ENDIAN=0 -DPJ_IS_LITTLE_ENDIAN=1  conftest.c >&5
conftest.c:89:23: fatal error: sys/filio.h: No such file or directory
 #include <sys/filio.h>
                       ^
compilation terminated.
aconfigure:5138: $? = 1
aconfigure: failed program was:
| /* confdefs.h */
| #define PACKAGE_NAME "pjproject"
| #define PACKAGE_TARNAME "pjproject"
| #define PACKAGE_VERSION "2.x"
| #define PACKAGE_STRING "pjproject 2.x"
| #define PACKAGE_BUGREPORT ""
| #define PACKAGE_URL ""
| #define HAVE_LIBPTHREAD 1
| #define HAVE_LIBRT 1
| #define HAVE_LIBNSL 1
| #define HAVE_LIBM 1
| #define HAVE_LIBUUID 1
| #define PJ_M_NAME "x86_64"
| #define PJ_POOL_ALIGNMENT 8
| #define STDC_HEADERS 1
| #define HAVE_SYS_TYPES_H 1
| #define HAVE_SYS_STAT_H 1
| #define HAVE_STDLIB_H 1
| #define HAVE_STRING_H 1
| #define HAVE_MEMORY_H 1
| #define HAVE_STRINGS_H 1
| #define HAVE_INTTYPES_H 1
| #define HAVE_STDINT_H 1
| #define HAVE_UNISTD_H 1
| #define PJ_LINUX 1
| #define PJ_HAS_FLOATING_POINT 0
| #define PJ_HAS_ARPA_INET_H 1
| #define PJ_HAS_ASSERT_H 1
| #define PJ_HAS_CTYPE_H 1
| #define PJ_HAS_ERRNO_H 1
| #define PJ_HAS_FCNTL_H 1
| #define PJ_HAS_LINUX_SOCKET_H 1
| #define PJ_HAS_LIMITS_H 1
| #define PJ_HAS_MALLOC_H 1
| #define PJ_HAS_NETDB_H 1
| #define PJ_HAS_NETINET_IN_SYSTM_H 1
| #define PJ_HAS_NETINET_IN_H 1
| #define PJ_HAS_NETINET_IP_H 1
| #define PJ_HAS_NETINET_TCP_H 1
| #define PJ_HAS_IFADDRS_H 1
| #define PJ_HAS_SEMAPHORE_H 1
| #define PJ_HAS_SETJMP_H 1
| #define PJ_HAS_STDARG_H 1
| #define PJ_HAS_STDDEF_H 1
| #define PJ_HAS_STDIO_H 1
| #define PJ_HAS_STDINT_H 1
| #define PJ_HAS_STDLIB_H 1
| #define PJ_HAS_STRING_H 1
| #define PJ_HAS_SYS_IOCTL_H 1
| #define PJ_HAS_SYS_SELECT_H 1
| #define PJ_HAS_SYS_SOCKET_H 1
| #define PJ_HAS_SYS_TIME_H 1
| #define PJ_HAS_SYS_TIMEB_H 1
| #define PJ_HAS_SYS_TYPES_H 1
| /* end confdefs.h.  */
| #include <stdio.h>
| #ifdef HAVE_SYS_TYPES_H
| # include <sys/types.h>
| #endif
| #ifdef HAVE_SYS_STAT_H
| # include <sys/stat.h>
| #endif
| #ifdef STDC_HEADERS
| # include <stdlib.h>
| # include <stddef.h>
| #else
| # ifdef HAVE_STDLIB_H
| #  include <stdlib.h>
| # endif
| #endif
| #ifdef HAVE_STRING_H
| # if !defined STDC_HEADERS && defined HAVE_MEMORY_H
| #  include <memory.h>
| # endif
| # include <string.h>
| #endif
| #ifdef HAVE_STRINGS_H
| # include <strings.h>
| #endif
| #ifdef HAVE_INTTYPES_H
| # include <inttypes.h>
| #endif
| #ifdef HAVE_STDINT_H
| # include <stdint.h>
| #endif
| #ifdef HAVE_UNISTD_H
| # include <unistd.h>
| #endif
| #include <sys/filio.h>
aconfigure:5138: result: no
aconfigure:5138: checking sys/filio.h presence
aconfigure:5138: gcc -E  conftest.c
conftest.c:56:23: fatal error: sys/filio.h: No such file or directory
 #include <sys/filio.h>
                       ^
compilation terminated.
aconfigure:5138: $? = 1
aconfigure: failed program was:
| /* confdefs.h */
| #define PACKAGE_NAME "pjproject"
| #define PACKAGE_TARNAME "pjproject"
| #define PACKAGE_VERSION "2.x"
| #define PACKAGE_STRING "pjproject 2.x"
| #define PACKAGE_BUGREPORT ""
| #define PACKAGE_URL ""
| #define HAVE_LIBPTHREAD 1
| #define HAVE_LIBRT 1
| #define HAVE_LIBNSL 1
| #define HAVE_LIBM 1
| #define HAVE_LIBUUID 1
| #define PJ_M_NAME "x86_64"
| #define PJ_POOL_ALIGNMENT 8
| #define STDC_HEADERS 1
| #define HAVE_SYS_TYPES_H 1
| #define HAVE_SYS_STAT_H 1
| #define HAVE_STDLIB_H 1
| #define HAVE_STRING_H 1
| #define HAVE_MEMORY_H 1
| #define HAVE_STRINGS_H 1
| #define HAVE_INTTYPES_H 1
| #define HAVE_STDINT_H 1
| #define HAVE_UNISTD_H 1
| #define PJ_LINUX 1
| #define PJ_HAS_FLOATING_POINT 0
| #define PJ_HAS_ARPA_INET_H 1
| #define PJ_HAS_ASSERT_H 1
| #define PJ_HAS_CTYPE_H 1
| #define PJ_HAS_ERRNO_H 1
| #define PJ_HAS_FCNTL_H 1
| #define PJ_HAS_LINUX_SOCKET_H 1
| #define PJ_HAS_LIMITS_H 1
| #define PJ_HAS_MALLOC_H 1
| #define PJ_HAS_NETDB_H 1
| #define PJ_HAS_NETINET_IN_SYSTM_H 1
| #define PJ_HAS_NETINET_IN_H 1
| #define PJ_HAS_NETINET_IP_H 1
| #define PJ_HAS_NETINET_TCP_H 1
| #define PJ_HAS_IFADDRS_H 1
| #define PJ_HAS_SEMAPHORE_H 1
| #define PJ_HAS_SETJMP_H 1
| #define PJ_HAS_STDARG_H 1
| #define PJ_HAS_STDDEF_H 1
| #define PJ_HAS_STDIO_H 1
| #define PJ_HAS_STDINT_H 1
| #define PJ_HAS_STDLIB_H 1
| #define PJ_HAS_STRING_H 1
| #define PJ_HAS_SYS_IOCTL_H 1
| #define PJ_HAS_SYS_SELECT_H 1
| #define PJ_HAS_SYS_SOCKET_H 1
| #define PJ_HAS_SYS_TIME_H 1
| #define PJ_HAS_SYS_TIMEB_H 1
| #define PJ_HAS_SYS_TYPES_H 1
| /* end confdefs.h.  */
| #include <sys/filio.h>
aconfigure:5138: result: no
aconfigure:5138: checking for sys/filio.h
aconfigure:5138: result: no
aconfigure:5145: checking sys/sockio.h usability
aconfigure:5145: gcc -c -fPIC -DPJ_IS_BIG_ENDIAN=0 -DPJ_IS_LITTLE_ENDIAN=1  conftest.c >&5
conftest.c:89:24: fatal error: sys/sockio.h: No such file or directory
 #include <sys/sockio.h>
                        ^
compilation terminated.
aconfigure:5145: $? = 1
aconfigure: failed program was:
| /* confdefs.h */
| #define PACKAGE_NAME "pjproject"
| #define PACKAGE_TARNAME "pjproject"
| #define PACKAGE_VERSION "2.x"
| #define PACKAGE_STRING "pjproject 2.x"
| #define PACKAGE_BUGREPORT ""
| #define PACKAGE_URL ""
| #define HAVE_LIBPTHREAD 1
| #define HAVE_LIBRT 1
| #define HAVE_LIBNSL 1
| #define HAVE_LIBM 1
| #define HAVE_LIBUUID 1
| #define PJ_M_NAME "x86_64"
| #define PJ_POOL_ALIGNMENT 8
| #define STDC_HEADERS 1
| #define HAVE_SYS_TYPES_H 1
| #define HAVE_SYS_STAT_H 1
| #define HAVE_STDLIB_H 1
| #define HAVE_STRING_H 1
| #define HAVE_MEMORY_H 1
| #define HAVE_STRINGS_H 1
| #define HAVE_INTTYPES_H 1
| #define HAVE_STDINT_H 1
| #define HAVE_UNISTD_H 1
| #define PJ_LINUX 1
| #define PJ_HAS_FLOATING_POINT 0
| #define PJ_HAS_ARPA_INET_H 1
| #define PJ_HAS_ASSERT_H 1
| #define PJ_HAS_CTYPE_H 1
| #define PJ_HAS_ERRNO_H 1
| #define PJ_HAS_FCNTL_H 1
| #define PJ_HAS_LINUX_SOCKET_H 1
| #define PJ_HAS_LIMITS_H 1
| #define PJ_HAS_MALLOC_H 1
| #define PJ_HAS_NETDB_H 1
| #define PJ_HAS_NETINET_IN_SYSTM_H 1
| #define PJ_HAS_NETINET_IN_H 1
| #define PJ_HAS_NETINET_IP_H 1
| #define PJ_HAS_NETINET_TCP_H 1
| #define PJ_HAS_IFADDRS_H 1
| #define PJ_HAS_SEMAPHORE_H 1
| #define PJ_HAS_SETJMP_H 1
| #define PJ_HAS_STDARG_H 1
| #define PJ_HAS_STDDEF_H 1
| #define PJ_HAS_STDIO_H 1
| #define PJ_HAS_STDINT_H 1
| #define PJ_HAS_STDLIB_H 1
| #define PJ_HAS_STRING_H 1
| #define PJ_HAS_SYS_IOCTL_H 1
| #define PJ_HAS_SYS_SELECT_H 1
| #define PJ_HAS_SYS_SOCKET_H 1
| #define PJ_HAS_SYS_TIME_H 1
| #define PJ_HAS_SYS_TIMEB_H 1
| #define PJ_HAS_SYS_TYPES_H 1
| /* end confdefs.h.  */
| #include <stdio.h>
| #ifdef HAVE_SYS_TYPES_H
| # include <sys/types.h>
| #endif
| #ifdef HAVE_SYS_STAT_H
| # include <sys/stat.h>
| #endif
| #ifdef STDC_HEADERS
| # include <stdlib.h>
| # include <stddef.h>
| #else
| # ifdef HAVE_STDLIB_H
| #  include <stdlib.h>
| # endif
| #endif
| #ifdef HAVE_STRING_H
| # if !defined STDC_HEADERS && defined HAVE_MEMORY_H
| #  include <memory.h>
| # endif
| # include <string.h>
| #endif
| #ifdef HAVE_STRINGS_H
| # include <strings.h>
| #endif
| #ifdef HAVE_INTTYPES_H
| # include <inttypes.h>
| #endif
| #ifdef HAVE_STDINT_H
| # include <stdint.h>
| #endif
| #ifdef HAVE_UNISTD_H
| # include <unistd.h>
| #endif
| #include <sys/sockio.h>
aconfigure:5145: result: no
aconfigure:5145: checking sys/sockio.h presence
aconfigure:5145: gcc -E  conftest.c
conftest.c:56:24: fatal error: sys/sockio.h: No such file or directory
 #include <sys/sockio.h>
                        ^
compilation terminated.
aconfigure:5145: $? = 1
aconfigure: failed program was:
| /* confdefs.h */
| #define PACKAGE_NAME "pjproject"
| #define PACKAGE_TARNAME "pjproject"
| #define PACKAGE_VERSION "2.x"
| #define PACKAGE_STRING "pjproject 2.x"
| #define PACKAGE_BUGREPORT ""
| #define PACKAGE_URL ""
| #define HAVE_LIBPTHREAD 1
| #define HAVE_LIBRT 1
| #define HAVE_LIBNSL 1
| #define HAVE_LIBM 1
| #define HAVE_LIBUUID 1
| #define PJ_M_NAME "x86_64"
| #define PJ_POOL_ALIGNMENT 8
| #define STDC_HEADERS 1
| #define HAVE_SYS_TYPES_H 1
| #define HAVE_SYS_STAT_H 1
| #define HAVE_STDLIB_H 1
| #define HAVE_STRING_H 1
| #define HAVE_MEMORY_H 1
| #define HAVE_STRINGS_H 1
| #define HAVE_INTTYPES_H 1
| #define HAVE_STDINT_H 1
| #define HAVE_UNISTD_H 1
| #define PJ_LINUX 1
| #define PJ_HAS_FLOATING_POINT 0
| #define PJ_HAS_ARPA_INET_H 1
| #define PJ_HAS_ASSERT_H 1
| #define PJ_HAS_CTYPE_H 1
| #define PJ_HAS_ERRNO_H 1
| #define PJ_HAS_FCNTL_H 1
| #define PJ_HAS_LINUX_SOCKET_H 1
| #define PJ_HAS_LIMITS_H 1
| #define PJ_HAS_MALLOC_H 1
| #define PJ_HAS_NETDB_H 1
| #define PJ_HAS_NETINET_IN_SYSTM_H 1
| #define PJ_HAS_NETINET_IN_H 1
| #define PJ_HAS_NETINET_IP_H 1
| #define PJ_HAS_NETINET_TCP_H 1
| #define PJ_HAS_IFADDRS_H 1
| #define PJ_HAS_SEMAPHORE_H 1
| #define PJ_HAS_SETJMP_H 1
| #define PJ_HAS_STDARG_H 1
| #define PJ_HAS_STDDEF_H 1
| #define PJ_HAS_STDIO_H 1
| #define PJ_HAS_STDINT_H 1
| #define PJ_HAS_STDLIB_H 1
| #define PJ_HAS_STRING_H 1
| #define PJ_HAS_SYS_IOCTL_H 1
| #define PJ_HAS_SYS_SELECT_H 1
| #define PJ_HAS_SYS_SOCKET_H 1
| #define PJ_HAS_SYS_TIME_H 1
| #define PJ_HAS_SYS_TIMEB_H 1
| #define PJ_HAS_SYS_TYPES_H 1
| /* end confdefs.h.  */
| #include <sys/sockio.h>
aconfigure:5145: result: no
aconfigure:5145: checking for sys/sockio.h
aconfigure:5145: result: no
aconfigure:5152: checking sys/utsname.h usability
aconfigure:5152: gcc -c -fPIC -DPJ_IS_BIG_ENDIAN=0 -DPJ_IS_LITTLE_ENDIAN=1  conftest.c >&5
aconfigure:5152: $? = 0
aconfigure:5152: result: yes
aconfigure:5152: checking sys/utsname.h presence
aconfigure:5152: gcc -E  conftest.c
aconfigure:5152: $? = 0
aconfigure:5152: result: yes
aconfigure:5152: checking for sys/utsname.h
aconfigure:5152: result: yes
aconfigure:5159: checking time.h usability
aconfigure:5159: gcc -c -fPIC -DPJ_IS_BIG_ENDIAN=0 -DPJ_IS_LITTLE_ENDIAN=1  conftest.c >&5
aconfigure:5159: $? = 0
aconfigure:5159: result: yes
aconfigure:5159: checking time.h presence
aconfigure:5159: gcc -E  conftest.c
aconfigure:5159: $? = 0
aconfigure:5159: result: yes
aconfigure:5159: checking for time.h
aconfigure:5159: result: yes
aconfigure:5166: checking for unistd.h
aconfigure:5166: result: yes
aconfigure:5173: checking winsock.h usability
aconfigure:5173: gcc -c -fPIC -DPJ_IS_BIG_ENDIAN=0 -DPJ_IS_LITTLE_ENDIAN=1  conftest.c >&5
conftest.c:92:21: fatal error: winsock.h: No such file or directory
 #include <winsock.h>
                     ^
compilation terminated.
aconfigure:5173: $? = 1
aconfigure: failed program was:
| /* confdefs.h */
| #define PACKAGE_NAME "pjproject"
| #define PACKAGE_TARNAME "pjproject"
| #define PACKAGE_VERSION "2.x"
| #define PACKAGE_STRING "pjproject 2.x"
| #define PACKAGE_BUGREPORT ""
| #define PACKAGE_URL ""
| #define HAVE_LIBPTHREAD 1
| #define HAVE_LIBRT 1
| #define HAVE_LIBNSL 1
| #define HAVE_LIBM 1
| #define HAVE_LIBUUID 1
| #define PJ_M_NAME "x86_64"
| #define PJ_POOL_ALIGNMENT 8
| #define STDC_HEADERS 1
| #define HAVE_SYS_TYPES_H 1
| #define HAVE_SYS_STAT_H 1
| #define HAVE_STDLIB_H 1
| #define HAVE_STRING_H 1
| #define HAVE_MEMORY_H 1
| #define HAVE_STRINGS_H 1
| #define HAVE_INTTYPES_H 1
| #define HAVE_STDINT_H 1
| #define HAVE_UNISTD_H 1
| #define PJ_LINUX 1
| #define PJ_HAS_FLOATING_POINT 0
| #define PJ_HAS_ARPA_INET_H 1
| #define PJ_HAS_ASSERT_H 1
| #define PJ_HAS_CTYPE_H 1
| #define PJ_HAS_ERRNO_H 1
| #define PJ_HAS_FCNTL_H 1
| #define PJ_HAS_LINUX_SOCKET_H 1
| #define PJ_HAS_LIMITS_H 1
| #define PJ_HAS_MALLOC_H 1
| #define PJ_HAS_NETDB_H 1
| #define PJ_HAS_NETINET_IN_SYSTM_H 1
| #define PJ_HAS_NETINET_IN_H 1
| #define PJ_HAS_NETINET_IP_H 1
| #define PJ_HAS_NETINET_TCP_H 1
| #define PJ_HAS_IFADDRS_H 1
| #define PJ_HAS_SEMAPHORE_H 1
| #define PJ_HAS_SETJMP_H 1
| #define PJ_HAS_STDARG_H 1
| #define PJ_HAS_STDDEF_H 1
| #define PJ_HAS_STDIO_H 1
| #define PJ_HAS_STDINT_H 1
| #define PJ_HAS_STDLIB_H 1
| #define PJ_HAS_STRING_H 1
| #define PJ_HAS_SYS_IOCTL_H 1
| #define PJ_HAS_SYS_SELECT_H 1
| #define PJ_HAS_SYS_SOCKET_H 1
| #define PJ_HAS_SYS_TIME_H 1
| #define PJ_HAS_SYS_TIMEB_H 1
| #define PJ_HAS_SYS_TYPES_H 1
| #define PJ_HAS_SYS_UTSNAME_H 1
| #define PJ_HAS_TIME_H 1
| #define PJ_HAS_UNISTD_H 1
| /* end confdefs.h.  */
| #include <stdio.h>
| #ifdef HAVE_SYS_TYPES_H
| # include <sys/types.h>
| #endif
| #ifdef HAVE_SYS_STAT_H
| # include <sys/stat.h>
| #endif
| #ifdef STDC_HEADERS
| # include <stdlib.h>
| # include <stddef.h>
| #else
| # ifdef HAVE_STDLIB_H
| #  include <stdlib.h>
| # endif
| #endif
| #ifdef HAVE_STRING_H
| # if !defined STDC_HEADERS && defined HAVE_MEMORY_H
| #  include <memory.h>
| # endif
| # include <string.h>
| #endif
| #ifdef HAVE_STRINGS_H
| # include <strings.h>
| #endif
| #ifdef HAVE_INTTYPES_H
| # include <inttypes.h>
| #endif
| #ifdef HAVE_STDINT_H
| # include <stdint.h>
| #endif
| #ifdef HAVE_UNISTD_H
| # include <unistd.h>
| #endif
| #include <winsock.h>
aconfigure:5173: result: no
aconfigure:5173: checking winsock.h presence
aconfigure:5173: gcc -E  conftest.c
conftest.c:59:21: fatal error: winsock.h: No such file or directory
 #include <winsock.h>
                     ^
compilation terminated.
aconfigure:5173: $? = 1
aconfigure: failed program was:
| /* confdefs.h */
| #define PACKAGE_NAME "pjproject"
| #define PACKAGE_TARNAME "pjproject"
| #define PACKAGE_VERSION "2.x"
| #define PACKAGE_STRING "pjproject 2.x"
| #define PACKAGE_BUGREPORT ""
| #define PACKAGE_URL ""
| #define HAVE_LIBPTHREAD 1
| #define HAVE_LIBRT 1
| #define HAVE_LIBNSL 1
| #define HAVE_LIBM 1
| #define HAVE_LIBUUID 1
| #define PJ_M_NAME "x86_64"
| #define PJ_POOL_ALIGNMENT 8
| #define STDC_HEADERS 1
| #define HAVE_SYS_TYPES_H 1
| #define HAVE_SYS_STAT_H 1
| #define HAVE_STDLIB_H 1
| #define HAVE_STRING_H 1
| #define HAVE_MEMORY_H 1
| #define HAVE_STRINGS_H 1
| #define HAVE_INTTYPES_H 1
| #define HAVE_STDINT_H 1
| #define HAVE_UNISTD_H 1
| #define PJ_LINUX 1
| #define PJ_HAS_FLOATING_POINT 0
| #define PJ_HAS_ARPA_INET_H 1
| #define PJ_HAS_ASSERT_H 1
| #define PJ_HAS_CTYPE_H 1
| #define PJ_HAS_ERRNO_H 1
| #define PJ_HAS_FCNTL_H 1
| #define PJ_HAS_LINUX_SOCKET_H 1
| #define PJ_HAS_LIMITS_H 1
| #define PJ_HAS_MALLOC_H 1
| #define PJ_HAS_NETDB_H 1
| #define PJ_HAS_NETINET_IN_SYSTM_H 1
| #define PJ_HAS_NETINET_IN_H 1
| #define PJ_HAS_NETINET_IP_H 1
| #define PJ_HAS_NETINET_TCP_H 1
| #define PJ_HAS_IFADDRS_H 1
| #define PJ_HAS_SEMAPHORE_H 1
| #define PJ_HAS_SETJMP_H 1
| #define PJ_HAS_STDARG_H 1
| #define PJ_HAS_STDDEF_H 1
| #define PJ_HAS_STDIO_H 1
| #define PJ_HAS_STDINT_H 1
| #define PJ_HAS_STDLIB_H 1
| #define PJ_HAS_STRING_H 1
| #define PJ_HAS_SYS_IOCTL_H 1
| #define PJ_HAS_SYS_SELECT_H 1
| #define PJ_HAS_SYS_SOCKET_H 1
| #define PJ_HAS_SYS_TIME_H 1
| #define PJ_HAS_SYS_TIMEB_H 1
| #define PJ_HAS_SYS_TYPES_H 1
| #define PJ_HAS_SYS_UTSNAME_H 1
| #define PJ_HAS_TIME_H 1
| #define PJ_HAS_UNISTD_H 1
| /* end confdefs.h.  */
| #include <winsock.h>
aconfigure:5173: result: no
aconfigure:5173: checking for winsock.h
aconfigure:5173: result: no
aconfigure:5180: checking winsock2.h usability
aconfigure:5180: gcc -c -fPIC -DPJ_IS_BIG_ENDIAN=0 -DPJ_IS_LITTLE_ENDIAN=1  conftest.c >&5
conftest.c:92:22: fatal error: winsock2.h: No such file or directory
 #include <winsock2.h>
                      ^
compilation terminated.
aconfigure:5180: $? = 1
aconfigure: failed program was:
| /* confdefs.h */
| #define PACKAGE_NAME "pjproject"
| #define PACKAGE_TARNAME "pjproject"
| #define PACKAGE_VERSION "2.x"
| #define PACKAGE_STRING "pjproject 2.x"
| #define PACKAGE_BUGREPORT ""
| #define PACKAGE_URL ""
| #define HAVE_LIBPTHREAD 1
| #define HAVE_LIBRT 1
| #define HAVE_LIBNSL 1
| #define HAVE_LIBM 1
| #define HAVE_LIBUUID 1
| #define PJ_M_NAME "x86_64"
| #define PJ_POOL_ALIGNMENT 8
| #define STDC_HEADERS 1
| #define HAVE_SYS_TYPES_H 1
| #define HAVE_SYS_STAT_H 1
| #define HAVE_STDLIB_H 1
| #define HAVE_STRING_H 1
| #define HAVE_MEMORY_H 1
| #define HAVE_STRINGS_H 1
| #define HAVE_INTTYPES_H 1
| #define HAVE_STDINT_H 1
| #define HAVE_UNISTD_H 1
| #define PJ_LINUX 1
| #define PJ_HAS_FLOATING_POINT 0
| #define PJ_HAS_ARPA_INET_H 1
| #define PJ_HAS_ASSERT_H 1
| #define PJ_HAS_CTYPE_H 1
| #define PJ_HAS_ERRNO_H 1
| #define PJ_HAS_FCNTL_H 1
| #define PJ_HAS_LINUX_SOCKET_H 1
| #define PJ_HAS_LIMITS_H 1
| #define PJ_HAS_MALLOC_H 1
| #define PJ_HAS_NETDB_H 1
| #define PJ_HAS_NETINET_IN_SYSTM_H 1
| #define PJ_HAS_NETINET_IN_H 1
| #define PJ_HAS_NETINET_IP_H 1
| #define PJ_HAS_NETINET_TCP_H 1
| #define PJ_HAS_IFADDRS_H 1
| #define PJ_HAS_SEMAPHORE_H 1
| #define PJ_HAS_SETJMP_H 1
| #define PJ_HAS_STDARG_H 1
| #define PJ_HAS_STDDEF_H 1
| #define PJ_HAS_STDIO_H 1
| #define PJ_HAS_STDINT_H 1
| #define PJ_HAS_STDLIB_H 1
| #define PJ_HAS_STRING_H 1
| #define PJ_HAS_SYS_IOCTL_H 1
| #define PJ_HAS_SYS_SELECT_H 1
| #define PJ_HAS_SYS_SOCKET_H 1
| #define PJ_HAS_SYS_TIME_H 1
| #define PJ_HAS_SYS_TIMEB_H 1
| #define PJ_HAS_SYS_TYPES_H 1
| #define PJ_HAS_SYS_UTSNAME_H 1
| #define PJ_HAS_TIME_H 1
| #define PJ_HAS_UNISTD_H 1
| /* end confdefs.h.  */
| #include <stdio.h>
| #ifdef HAVE_SYS_TYPES_H
| # include <sys/types.h>
| #endif
| #ifdef HAVE_SYS_STAT_H
| # include <sys/stat.h>
| #endif
| #ifdef STDC_HEADERS
| # include <stdlib.h>
| # include <stddef.h>
| #else
| # ifdef HAVE_STDLIB_H
| #  include <stdlib.h>
| # endif
| #endif
| #ifdef HAVE_STRING_H
| # if !defined STDC_HEADERS && defined HAVE_MEMORY_H
| #  include <memory.h>
| # endif
| # include <string.h>
| #endif
| #ifdef HAVE_STRINGS_H
| # include <strings.h>
| #endif
| #ifdef HAVE_INTTYPES_H
| # include <inttypes.h>
| #endif
| #ifdef HAVE_STDINT_H
| # include <stdint.h>
| #endif
| #ifdef HAVE_UNISTD_H
| # include <unistd.h>
| #endif
| #include <winsock2.h>
aconfigure:5180: result: no
aconfigure:5180: checking winsock2.h presence
aconfigure:5180: gcc -E  conftest.c
conftest.c:59:22: fatal error: winsock2.h: No such file or directory
 #include <winsock2.h>
                      ^
compilation terminated.
aconfigure:5180: $? = 1
aconfigure: failed program was:
| /* confdefs.h */
| #define PACKAGE_NAME "pjproject"
| #define PACKAGE_TARNAME "pjproject"
| #define PACKAGE_VERSION "2.x"
| #define PACKAGE_STRING "pjproject 2.x"
| #define PACKAGE_BUGREPORT ""
| #define PACKAGE_URL ""
| #define HAVE_LIBPTHREAD 1
| #define HAVE_LIBRT 1
| #define HAVE_LIBNSL 1
| #define HAVE_LIBM 1
| #define HAVE_LIBUUID 1
| #define PJ_M_NAME "x86_64"
| #define PJ_POOL_ALIGNMENT 8
| #define STDC_HEADERS 1
| #define HAVE_SYS_TYPES_H 1
| #define HAVE_SYS_STAT_H 1
| #define HAVE_STDLIB_H 1
| #define HAVE_STRING_H 1
| #define HAVE_MEMORY_H 1
| #define HAVE_STRINGS_H 1
| #define HAVE_INTTYPES_H 1
| #define HAVE_STDINT_H 1
| #define HAVE_UNISTD_H 1
| #define PJ_LINUX 1
| #define PJ_HAS_FLOATING_POINT 0
| #define PJ_HAS_ARPA_INET_H 1
| #define PJ_HAS_ASSERT_H 1
| #define PJ_HAS_CTYPE_H 1
| #define PJ_HAS_ERRNO_H 1
| #define PJ_HAS_FCNTL_H 1
| #define PJ_HAS_LINUX_SOCKET_H 1
| #define PJ_HAS_LIMITS_H 1
| #define PJ_HAS_MALLOC_H 1
| #define PJ_HAS_NETDB_H 1
| #define PJ_HAS_NETINET_IN_SYSTM_H 1
| #define PJ_HAS_NETINET_IN_H 1
| #define PJ_HAS_NETINET_IP_H 1
| #define PJ_HAS_NETINET_TCP_H 1
| #define PJ_HAS_IFADDRS_H 1
| #define PJ_HAS_SEMAPHORE_H 1
| #define PJ_HAS_SETJMP_H 1
| #define PJ_HAS_STDARG_H 1
| #define PJ_HAS_STDDEF_H 1
| #define PJ_HAS_STDIO_H 1
| #define PJ_HAS_STDINT_H 1
| #define PJ_HAS_STDLIB_H 1
| #define PJ_HAS_STRING_H 1
| #define PJ_HAS_SYS_IOCTL_H 1
| #define PJ_HAS_SYS_SELECT_H 1
| #define PJ_HAS_SYS_SOCKET_H 1
| #define PJ_HAS_SYS_TIME_H 1
| #define PJ_HAS_SYS_TIMEB_H 1
| #define PJ_HAS_SYS_TYPES_H 1
| #define PJ_HAS_SYS_UTSNAME_H 1
| #define PJ_HAS_TIME_H 1
| #define PJ_HAS_UNISTD_H 1
| /* end confdefs.h.  */
| #include <winsock2.h>
aconfigure:5180: result: no
aconfigure:5180: checking for winsock2.h
aconfigure:5180: result: no
aconfigure:5187: checking for mswsock.h
aconfigure:5187: gcc -c -fPIC -DPJ_IS_BIG_ENDIAN=0 -DPJ_IS_LITTLE_ENDIAN=1  conftest.c >&5
conftest.c:66:21: fatal error: mswsock.h: No such file or directory
 #include <mswsock.h>
                     ^
compilation terminated.
aconfigure:5187: $? = 1
aconfigure: failed program was:
| /* confdefs.h */
| #define PACKAGE_NAME "pjproject"
| #define PACKAGE_TARNAME "pjproject"
| #define PACKAGE_VERSION "2.x"
| #define PACKAGE_STRING "pjproject 2.x"
| #define PACKAGE_BUGREPORT ""
| #define PACKAGE_URL ""
| #define HAVE_LIBPTHREAD 1
| #define HAVE_LIBRT 1
| #define HAVE_LIBNSL 1
| #define HAVE_LIBM 1
| #define HAVE_LIBUUID 1
| #define PJ_M_NAME "x86_64"
| #define PJ_POOL_ALIGNMENT 8
| #define STDC_HEADERS 1
| #define HAVE_SYS_TYPES_H 1
| #define HAVE_SYS_STAT_H 1
| #define HAVE_STDLIB_H 1
| #define HAVE_STRING_H 1
| #define HAVE_MEMORY_H 1
| #define HAVE_STRINGS_H 1
| #define HAVE_INTTYPES_H 1
| #define HAVE_STDINT_H 1
| #define HAVE_UNISTD_H 1
| #define PJ_LINUX 1
| #define PJ_HAS_FLOATING_POINT 0
| #define PJ_HAS_ARPA_INET_H 1
| #define PJ_HAS_ASSERT_H 1
| #define PJ_HAS_CTYPE_H 1
| #define PJ_HAS_ERRNO_H 1
| #define PJ_HAS_FCNTL_H 1
| #define PJ_HAS_LINUX_SOCKET_H 1
| #define PJ_HAS_LIMITS_H 1
| #define PJ_HAS_MALLOC_H 1
| #define PJ_HAS_NETDB_H 1
| #define PJ_HAS_NETINET_IN_SYSTM_H 1
| #define PJ_HAS_NETINET_IN_H 1
| #define PJ_HAS_NETINET_IP_H 1
| #define PJ_HAS_NETINET_TCP_H 1
| #define PJ_HAS_IFADDRS_H 1
| #define PJ_HAS_SEMAPHORE_H 1
| #define PJ_HAS_SETJMP_H 1
| #define PJ_HAS_STDARG_H 1
| #define PJ_HAS_STDDEF_H 1
| #define PJ_HAS_STDIO_H 1
| #define PJ_HAS_STDINT_H 1
| #define PJ_HAS_STDLIB_H 1
| #define PJ_HAS_STRING_H 1
| #define PJ_HAS_SYS_IOCTL_H 1
| #define PJ_HAS_SYS_SELECT_H 1
| #define PJ_HAS_SYS_SOCKET_H 1
| #define PJ_HAS_SYS_TIME_H 1
| #define PJ_HAS_SYS_TIMEB_H 1
| #define PJ_HAS_SYS_TYPES_H 1
| #define PJ_HAS_SYS_UTSNAME_H 1
| #define PJ_HAS_TIME_H 1
| #define PJ_HAS_UNISTD_H 1
| /* end confdefs.h.  */
| #if PJ_HAS_WINSOCK2_H
|           	  #	include <winsock2.h>
| 		  #elif PJ_HAS_WINSOCK_H
|           	  #	include <winsock.h>
|           	  #endif
| 
| 
| #include <mswsock.h>
aconfigure:5187: result: no
aconfigure:5200: checking ws2tcpip.h usability
aconfigure:5200: gcc -c -fPIC -DPJ_IS_BIG_ENDIAN=0 -DPJ_IS_LITTLE_ENDIAN=1  conftest.c >&5
conftest.c:92:22: fatal error: ws2tcpip.h: No such file or directory
 #include <ws2tcpip.h>
                      ^
compilation terminated.
aconfigure:5200: $? = 1
aconfigure: failed program was:
| /* confdefs.h */
| #define PACKAGE_NAME "pjproject"
| #define PACKAGE_TARNAME "pjproject"
| #define PACKAGE_VERSION "2.x"
| #define PACKAGE_STRING "pjproject 2.x"
| #define PACKAGE_BUGREPORT ""
| #define PACKAGE_URL ""
| #define HAVE_LIBPTHREAD 1
| #define HAVE_LIBRT 1
| #define HAVE_LIBNSL 1
| #define HAVE_LIBM 1
| #define HAVE_LIBUUID 1
| #define PJ_M_NAME "x86_64"
| #define PJ_POOL_ALIGNMENT 8
| #define STDC_HEADERS 1
| #define HAVE_SYS_TYPES_H 1
| #define HAVE_SYS_STAT_H 1
| #define HAVE_STDLIB_H 1
| #define HAVE_STRING_H 1
| #define HAVE_MEMORY_H 1
| #define HAVE_STRINGS_H 1
| #define HAVE_INTTYPES_H 1
| #define HAVE_STDINT_H 1
| #define HAVE_UNISTD_H 1
| #define PJ_LINUX 1
| #define PJ_HAS_FLOATING_POINT 0
| #define PJ_HAS_ARPA_INET_H 1
| #define PJ_HAS_ASSERT_H 1
| #define PJ_HAS_CTYPE_H 1
| #define PJ_HAS_ERRNO_H 1
| #define PJ_HAS_FCNTL_H 1
| #define PJ_HAS_LINUX_SOCKET_H 1
| #define PJ_HAS_LIMITS_H 1
| #define PJ_HAS_MALLOC_H 1
| #define PJ_HAS_NETDB_H 1
| #define PJ_HAS_NETINET_IN_SYSTM_H 1
| #define PJ_HAS_NETINET_IN_H 1
| #define PJ_HAS_NETINET_IP_H 1
| #define PJ_HAS_NETINET_TCP_H 1
| #define PJ_HAS_IFADDRS_H 1
| #define PJ_HAS_SEMAPHORE_H 1
| #define PJ_HAS_SETJMP_H 1
| #define PJ_HAS_STDARG_H 1
| #define PJ_HAS_STDDEF_H 1
| #define PJ_HAS_STDIO_H 1
| #define PJ_HAS_STDINT_H 1
| #define PJ_HAS_STDLIB_H 1
| #define PJ_HAS_STRING_H 1
| #define PJ_HAS_SYS_IOCTL_H 1
| #define PJ_HAS_SYS_SELECT_H 1
| #define PJ_HAS_SYS_SOCKET_H 1
| #define PJ_HAS_SYS_TIME_H 1
| #define PJ_HAS_SYS_TIMEB_H 1
| #define PJ_HAS_SYS_TYPES_H 1
| #define PJ_HAS_SYS_UTSNAME_H 1
| #define PJ_HAS_TIME_H 1
| #define PJ_HAS_UNISTD_H 1
| /* end confdefs.h.  */
| #include <stdio.h>
| #ifdef HAVE_SYS_TYPES_H
| # include <sys/types.h>
| #endif
| #ifdef HAVE_SYS_STAT_H
| # include <sys/stat.h>
| #endif
| #ifdef STDC_HEADERS
| # include <stdlib.h>
| # include <stddef.h>
| #else
| # ifdef HAVE_STDLIB_H
| #  include <stdlib.h>
| # endif
| #endif
| #ifdef HAVE_STRING_H
| # if !defined STDC_HEADERS && defined HAVE_MEMORY_H
| #  include <memory.h>
| # endif
| # include <string.h>
| #endif
| #ifdef HAVE_STRINGS_H
| # include <strings.h>
| #endif
| #ifdef HAVE_INTTYPES_H
| # include <inttypes.h>
| #endif
| #ifdef HAVE_STDINT_H
| # include <stdint.h>
| #endif
| #ifdef HAVE_UNISTD_H
| # include <unistd.h>
| #endif
| #include <ws2tcpip.h>
aconfigure:5200: result: no
aconfigure:5200: checking ws2tcpip.h presence
aconfigure:5200: gcc -E  conftest.c
conftest.c:59:22: fatal error: ws2tcpip.h: No such file or directory
 #include <ws2tcpip.h>
                      ^
compilation terminated.
aconfigure:5200: $? = 1
aconfigure: failed program was:
| /* confdefs.h */
| #define PACKAGE_NAME "pjproject"
| #define PACKAGE_TARNAME "pjproject"
| #define PACKAGE_VERSION "2.x"
| #define PACKAGE_STRING "pjproject 2.x"
| #define PACKAGE_BUGREPORT ""
| #define PACKAGE_URL ""
| #define HAVE_LIBPTHREAD 1
| #define HAVE_LIBRT 1
| #define HAVE_LIBNSL 1
| #define HAVE_LIBM 1
| #define HAVE_LIBUUID 1
| #define PJ_M_NAME "x86_64"
| #define PJ_POOL_ALIGNMENT 8
| #define STDC_HEADERS 1
| #define HAVE_SYS_TYPES_H 1
| #define HAVE_SYS_STAT_H 1
| #define HAVE_STDLIB_H 1
| #define HAVE_STRING_H 1
| #define HAVE_MEMORY_H 1
| #define HAVE_STRINGS_H 1
| #define HAVE_INTTYPES_H 1
| #define HAVE_STDINT_H 1
| #define HAVE_UNISTD_H 1
| #define PJ_LINUX 1
| #define PJ_HAS_FLOATING_POINT 0
| #define PJ_HAS_ARPA_INET_H 1
| #define PJ_HAS_ASSERT_H 1
| #define PJ_HAS_CTYPE_H 1
| #define PJ_HAS_ERRNO_H 1
| #define PJ_HAS_FCNTL_H 1
| #define PJ_HAS_LINUX_SOCKET_H 1
| #define PJ_HAS_LIMITS_H 1
| #define PJ_HAS_MALLOC_H 1
| #define PJ_HAS_NETDB_H 1
| #define PJ_HAS_NETINET_IN_SYSTM_H 1
| #define PJ_HAS_NETINET_IN_H 1
| #define PJ_HAS_NETINET_IP_H 1
| #define PJ_HAS_NETINET_TCP_H 1
| #define PJ_HAS_IFADDRS_H 1
| #define PJ_HAS_SEMAPHORE_H 1
| #define PJ_HAS_SETJMP_H 1
| #define PJ_HAS_STDARG_H 1
| #define PJ_HAS_STDDEF_H 1
| #define PJ_HAS_STDIO_H 1
| #define PJ_HAS_STDINT_H 1
| #define PJ_HAS_STDLIB_H 1
| #define PJ_HAS_STRING_H 1
| #define PJ_HAS_SYS_IOCTL_H 1
| #define PJ_HAS_SYS_SELECT_H 1
| #define PJ_HAS_SYS_SOCKET_H 1
| #define PJ_HAS_SYS_TIME_H 1
| #define PJ_HAS_SYS_TIMEB_H 1
| #define PJ_HAS_SYS_TYPES_H 1
| #define PJ_HAS_SYS_UTSNAME_H 1
| #define PJ_HAS_TIME_H 1
| #define PJ_HAS_UNISTD_H 1
| /* end confdefs.h.  */
| #include <ws2tcpip.h>
aconfigure:5200: result: no
aconfigure:5200: checking for ws2tcpip.h
aconfigure:5200: result: no
aconfigure:5207: checking uuid/uuid.h usability
aconfigure:5207: gcc -c -fPIC -DPJ_IS_BIG_ENDIAN=0 -DPJ_IS_LITTLE_ENDIAN=1  conftest.c >&5
aconfigure:5207: $? = 0
aconfigure:5207: result: yes
aconfigure:5207: checking uuid/uuid.h presence
aconfigure:5207: gcc -E  conftest.c
aconfigure:5207: $? = 0
aconfigure:5207: result: yes
aconfigure:5207: checking for uuid/uuid.h
aconfigure:5207: result: yes
aconfigure:5213: checking for net/if.h
aconfigure:5213: gcc -c -fPIC -DPJ_IS_BIG_ENDIAN=0 -DPJ_IS_LITTLE_ENDIAN=1  conftest.c >&5
aconfigure:5213: $? = 0
aconfigure:5213: result: yes
aconfigure:5228: result: Setting PJ_OS_NAME to x86_64-unknown-linux-gnu
aconfigure:5235: result: Setting PJ_HAS_ERRNO_VAR to 1
aconfigure:5240: result: Setting PJ_HAS_HIGH_RES_TIMER to 1
aconfigure:5245: result: Setting PJ_HAS_MALLOC to 1
aconfigure:5250: result: Setting PJ_NATIVE_STRING_IS_UNICODE to 0
aconfigure:5255: result: Setting PJ_ATOMIC_VALUE_TYPE to long
aconfigure:5260: checking if inet_aton() is available
aconfigure:5275: gcc -c -fPIC -DPJ_IS_BIG_ENDIAN=0 -DPJ_IS_LITTLE_ENDIAN=1  conftest.c >&5
aconfigure:5275: $? = 0
aconfigure:5278: result: yes
aconfigure:5286: checking if inet_pton() is available
aconfigure:5301: gcc -c -fPIC -DPJ_IS_BIG_ENDIAN=0 -DPJ_IS_LITTLE_ENDIAN=1  conftest.c >&5
aconfigure:5301: $? = 0
aconfigure:5304: result: yes
aconfigure:5312: checking if inet_ntop() is available
aconfigure:5327: gcc -c -fPIC -DPJ_IS_BIG_ENDIAN=0 -DPJ_IS_LITTLE_ENDIAN=1  conftest.c >&5
aconfigure:5327: $? = 0
aconfigure:5330: result: yes
aconfigure:5338: checking if getaddrinfo() is available
aconfigure:5353: gcc -c -fPIC -DPJ_IS_BIG_ENDIAN=0 -DPJ_IS_LITTLE_ENDIAN=1  conftest.c >&5
aconfigure:5353: $? = 0
aconfigure:5356: result: yes
aconfigure:5364: checking if sockaddr_in has sin_len member
aconfigure:5380: gcc -c -fPIC -DPJ_IS_BIG_ENDIAN=0 -DPJ_IS_LITTLE_ENDIAN=1  conftest.c >&5
conftest.c: In function 'main':
conftest.c:77:24: error: 'struct sockaddr_in' has no member named 'sin_len'
 struct sockaddr_in a; a.sin_len=0;
                        ^
aconfigure:5380: $? = 1
aconfigure: failed program was:
| /* confdefs.h */
| #define PACKAGE_NAME "pjproject"
| #define PACKAGE_TARNAME "pjproject"
| #define PACKAGE_VERSION "2.x"
| #define PACKAGE_STRING "pjproject 2.x"
| #define PACKAGE_BUGREPORT ""
| #define PACKAGE_URL ""
| #define HAVE_LIBPTHREAD 1
| #define HAVE_LIBRT 1
| #define HAVE_LIBNSL 1
| #define HAVE_LIBM 1
| #define HAVE_LIBUUID 1
| #define PJ_M_NAME "x86_64"
| #define PJ_POOL_ALIGNMENT 8
| #define STDC_HEADERS 1
| #define HAVE_SYS_TYPES_H 1
| #define HAVE_SYS_STAT_H 1
| #define HAVE_STDLIB_H 1
| #define HAVE_STRING_H 1
| #define HAVE_MEMORY_H 1
| #define HAVE_STRINGS_H 1
| #define HAVE_INTTYPES_H 1
| #define HAVE_STDINT_H 1
| #define HAVE_UNISTD_H 1
| #define PJ_LINUX 1
| #define PJ_HAS_FLOATING_POINT 0
| #define PJ_HAS_ARPA_INET_H 1
| #define PJ_HAS_ASSERT_H 1
| #define PJ_HAS_CTYPE_H 1
| #define PJ_HAS_ERRNO_H 1
| #define PJ_HAS_FCNTL_H 1
| #define PJ_HAS_LINUX_SOCKET_H 1
| #define PJ_HAS_LIMITS_H 1
| #define PJ_HAS_MALLOC_H 1
| #define PJ_HAS_NETDB_H 1
| #define PJ_HAS_NETINET_IN_SYSTM_H 1
| #define PJ_HAS_NETINET_IN_H 1
| #define PJ_HAS_NETINET_IP_H 1
| #define PJ_HAS_NETINET_TCP_H 1
| #define PJ_HAS_IFADDRS_H 1
| #define PJ_HAS_SEMAPHORE_H 1
| #define PJ_HAS_SETJMP_H 1
| #define PJ_HAS_STDARG_H 1
| #define PJ_HAS_STDDEF_H 1
| #define PJ_HAS_STDIO_H 1
| #define PJ_HAS_STDINT_H 1
| #define PJ_HAS_STDLIB_H 1
| #define PJ_HAS_STRING_H 1
| #define PJ_HAS_SYS_IOCTL_H 1
| #define PJ_HAS_SYS_SELECT_H 1
| #define PJ_HAS_SYS_SOCKET_H 1
| #define PJ_HAS_SYS_TIME_H 1
| #define PJ_HAS_SYS_TIMEB_H 1
| #define PJ_HAS_SYS_TYPES_H 1
| #define PJ_HAS_SYS_UTSNAME_H 1
| #define PJ_HAS_TIME_H 1
| #define PJ_HAS_UNISTD_H 1
| #define PJ_HAS_NET_IF_H 1
| #define PJ_OS_NAME "x86_64-unknown-linux-gnu"
| #define PJ_HAS_ERRNO_VAR 1
| #define PJ_HAS_HIGH_RES_TIMER 1
| #define PJ_HAS_MALLOC 1
| #define PJ_NATIVE_STRING_IS_UNICODE 0
| #define PJ_ATOMIC_VALUE_TYPE long
| #define PJ_SOCK_HAS_INET_ATON 1
| #define PJ_SOCK_HAS_INET_PTON 1
| #define PJ_SOCK_HAS_INET_NTOP 1
| #define PJ_SOCK_HAS_GETADDRINFO 1
| /* end confdefs.h.  */
| #include <sys/types.h>
| 				     #include <sys/socket.h>
| 		    		     #include <netinet/in.h>
| 		    		     #include <arpa/inet.h>
| int
| main ()
| {
| struct sockaddr_in a; a.sin_len=0;
|   ;
|   return 0;
| }
aconfigure:5386: result: no
aconfigure:5391: checking if socklen_t is available
aconfigure:5405: gcc -c -fPIC -DPJ_IS_BIG_ENDIAN=0 -DPJ_IS_LITTLE_ENDIAN=1  conftest.c >&5
aconfigure:5405: $? = 0
aconfigure:5408: result: yes
aconfigure:5416: checking if SO_ERROR is available
aconfigure:5440: gcc -c -fPIC -DPJ_IS_BIG_ENDIAN=0 -DPJ_IS_LITTLE_ENDIAN=1  conftest.c >&5
aconfigure:5440: $? = 0
aconfigure:5443: result: yes
aconfigure:5454: checking if pthread_rwlock_t is available
aconfigure:5467: gcc -c -fPIC -DPJ_IS_BIG_ENDIAN=0 -DPJ_IS_LITTLE_ENDIAN=1  conftest.c >&5
aconfigure:5467: $? = 0
aconfigure:5471: result: yes
aconfigure:5512: checking if pthread_mutexattr_settype() is available
aconfigure:5525: gcc -c -fPIC -DPJ_IS_BIG_ENDIAN=0 -DPJ_IS_LITTLE_ENDIAN=1  conftest.c >&5
conftest.c: In function 'main':
conftest.c:77:29: error: 'PTHREAD_MUTEX_FAST_NP' undeclared (first use in this function)
 pthread_mutexattr_settype(0,PTHREAD_MUTEX_FAST_NP);
                             ^
conftest.c:77:29: note: each undeclared identifier is reported only once for each function it appears in
aconfigure:5525: $? = 1
aconfigure: failed program was:
| /* confdefs.h */
| #define PACKAGE_NAME "pjproject"
| #define PACKAGE_TARNAME "pjproject"
| #define PACKAGE_VERSION "2.x"
| #define PACKAGE_STRING "pjproject 2.x"
| #define PACKAGE_BUGREPORT ""
| #define PACKAGE_URL ""
| #define HAVE_LIBPTHREAD 1
| #define HAVE_LIBRT 1
| #define HAVE_LIBNSL 1
| #define HAVE_LIBM 1
| #define HAVE_LIBUUID 1
| #define PJ_M_NAME "x86_64"
| #define PJ_POOL_ALIGNMENT 8
| #define STDC_HEADERS 1
| #define HAVE_SYS_TYPES_H 1
| #define HAVE_SYS_STAT_H 1
| #define HAVE_STDLIB_H 1
| #define HAVE_STRING_H 1
| #define HAVE_MEMORY_H 1
| #define HAVE_STRINGS_H 1
| #define HAVE_INTTYPES_H 1
| #define HAVE_STDINT_H 1
| #define HAVE_UNISTD_H 1
| #define PJ_LINUX 1
| #define PJ_HAS_FLOATING_POINT 0
| #define PJ_HAS_ARPA_INET_H 1
| #define PJ_HAS_ASSERT_H 1
| #define PJ_HAS_CTYPE_H 1
| #define PJ_HAS_ERRNO_H 1
| #define PJ_HAS_FCNTL_H 1
| #define PJ_HAS_LINUX_SOCKET_H 1
| #define PJ_HAS_LIMITS_H 1
| #define PJ_HAS_MALLOC_H 1
| #define PJ_HAS_NETDB_H 1
| #define PJ_HAS_NETINET_IN_SYSTM_H 1
| #define PJ_HAS_NETINET_IN_H 1
| #define PJ_HAS_NETINET_IP_H 1
| #define PJ_HAS_NETINET_TCP_H 1
| #define PJ_HAS_IFADDRS_H 1
| #define PJ_HAS_SEMAPHORE_H 1
| #define PJ_HAS_SETJMP_H 1
| #define PJ_HAS_STDARG_H 1
| #define PJ_HAS_STDDEF_H 1
| #define PJ_HAS_STDIO_H 1
| #define PJ_HAS_STDINT_H 1
| #define PJ_HAS_STDLIB_H 1
| #define PJ_HAS_STRING_H 1
| #define PJ_HAS_SYS_IOCTL_H 1
| #define PJ_HAS_SYS_SELECT_H 1
| #define PJ_HAS_SYS_SOCKET_H 1
| #define PJ_HAS_SYS_TIME_H 1
| #define PJ_HAS_SYS_TIMEB_H 1
| #define PJ_HAS_SYS_TYPES_H 1
| #define PJ_HAS_SYS_UTSNAME_H 1
| #define PJ_HAS_TIME_H 1
| #define PJ_HAS_UNISTD_H 1
| #define PJ_HAS_NET_IF_H 1
| #define PJ_OS_NAME "x86_64-unknown-linux-gnu"
| #define PJ_HAS_ERRNO_VAR 1
| #define PJ_HAS_HIGH_RES_TIMER 1
| #define PJ_HAS_MALLOC 1
| #define PJ_NATIVE_STRING_IS_UNICODE 0
| #define PJ_ATOMIC_VALUE_TYPE long
| #define PJ_SOCK_HAS_INET_ATON 1
| #define PJ_SOCK_HAS_INET_PTON 1
| #define PJ_SOCK_HAS_INET_NTOP 1
| #define PJ_SOCK_HAS_GETADDRINFO 1
| #define PJ_HAS_SOCKLEN_T 1
| #define PJ_HAS_SO_ERROR 1
| #define PJ_EMULATE_RWMUTEX 0
| /* end confdefs.h.  */
| #include <pthread.h>
| int
| main ()
| {
| pthread_mutexattr_settype(0,PTHREAD_MUTEX_FAST_NP);
|   ;
|   return 0;
| }
aconfigure:5531: result: no
aconfigure:5536: checking if pthread_mutexattr_t has recursive member
aconfigure:5550: gcc -c -fPIC -DPJ_IS_BIG_ENDIAN=0 -DPJ_IS_LITTLE_ENDIAN=1  conftest.c >&5
conftest.c: In function 'main':
conftest.c:78:14: error: 'pthread_mutexattr_t' has no member named 'recursive'
          attr.recursive=1;
              ^
aconfigure:5550: $? = 1
aconfigure: failed program was:
| /* confdefs.h */
| #define PACKAGE_NAME "pjproject"
| #define PACKAGE_TARNAME "pjproject"
| #define PACKAGE_VERSION "2.x"
| #define PACKAGE_STRING "pjproject 2.x"
| #define PACKAGE_BUGREPORT ""
| #define PACKAGE_URL ""
| #define HAVE_LIBPTHREAD 1
| #define HAVE_LIBRT 1
| #define HAVE_LIBNSL 1
| #define HAVE_LIBM 1
| #define HAVE_LIBUUID 1
| #define PJ_M_NAME "x86_64"
| #define PJ_POOL_ALIGNMENT 8
| #define STDC_HEADERS 1
| #define HAVE_SYS_TYPES_H 1
| #define HAVE_SYS_STAT_H 1
| #define HAVE_STDLIB_H 1
| #define HAVE_STRING_H 1
| #define HAVE_MEMORY_H 1
| #define HAVE_STRINGS_H 1
| #define HAVE_INTTYPES_H 1
| #define HAVE_STDINT_H 1
| #define HAVE_UNISTD_H 1
| #define PJ_LINUX 1
| #define PJ_HAS_FLOATING_POINT 0
| #define PJ_HAS_ARPA_INET_H 1
| #define PJ_HAS_ASSERT_H 1
| #define PJ_HAS_CTYPE_H 1
| #define PJ_HAS_ERRNO_H 1
| #define PJ_HAS_FCNTL_H 1
| #define PJ_HAS_LINUX_SOCKET_H 1
| #define PJ_HAS_LIMITS_H 1
| #define PJ_HAS_MALLOC_H 1
| #define PJ_HAS_NETDB_H 1
| #define PJ_HAS_NETINET_IN_SYSTM_H 1
| #define PJ_HAS_NETINET_IN_H 1
| #define PJ_HAS_NETINET_IP_H 1
| #define PJ_HAS_NETINET_TCP_H 1
| #define PJ_HAS_IFADDRS_H 1
| #define PJ_HAS_SEMAPHORE_H 1
| #define PJ_HAS_SETJMP_H 1
| #define PJ_HAS_STDARG_H 1
| #define PJ_HAS_STDDEF_H 1
| #define PJ_HAS_STDIO_H 1
| #define PJ_HAS_STDINT_H 1
| #define PJ_HAS_STDLIB_H 1
| #define PJ_HAS_STRING_H 1
| #define PJ_HAS_SYS_IOCTL_H 1
| #define PJ_HAS_SYS_SELECT_H 1
| #define PJ_HAS_SYS_SOCKET_H 1
| #define PJ_HAS_SYS_TIME_H 1
| #define PJ_HAS_SYS_TIMEB_H 1
| #define PJ_HAS_SYS_TYPES_H 1
| #define PJ_HAS_SYS_UTSNAME_H 1
| #define PJ_HAS_TIME_H 1
| #define PJ_HAS_UNISTD_H 1
| #define PJ_HAS_NET_IF_H 1
| #define PJ_OS_NAME "x86_64-unknown-linux-gnu"
| #define PJ_HAS_ERRNO_VAR 1
| #define PJ_HAS_HIGH_RES_TIMER 1
| #define PJ_HAS_MALLOC 1
| #define PJ_NATIVE_STRING_IS_UNICODE 0
| #define PJ_ATOMIC_VALUE_TYPE long
| #define PJ_SOCK_HAS_INET_ATON 1
| #define PJ_SOCK_HAS_INET_PTON 1
| #define PJ_SOCK_HAS_INET_NTOP 1
| #define PJ_SOCK_HAS_GETADDRINFO 1
| #define PJ_HAS_SOCKLEN_T 1
| #define PJ_HAS_SO_ERROR 1
| #define PJ_EMULATE_RWMUTEX 0
| /* end confdefs.h.  */
| #include <pthread.h>
| int
| main ()
| {
| pthread_mutexattr_t attr;
| 				     attr.recursive=1;
|   ;
|   return 0;
| }
aconfigure:5556: result: no
aconfigure:5562: checking ioqueue backend
aconfigure:5574: result: select()
aconfigure:5727: result: Checking if sound is disabled... yes
aconfigure:5772: checking sys/soundcard.h usability
aconfigure:5772: gcc -c -fPIC -DPJ_IS_BIG_ENDIAN=0 -DPJ_IS_LITTLE_ENDIAN=1  conftest.c >&5
aconfigure:5772: $? = 0
aconfigure:5772: result: yes
aconfigure:5772: checking sys/soundcard.h presence
aconfigure:5772: gcc -E  conftest.c
aconfigure:5772: $? = 0
aconfigure:5772: result: yes
aconfigure:5772: checking for sys/soundcard.h
aconfigure:5772: result: yes
aconfigure:5778: checking linux/soundcard.h usability
aconfigure:5778: gcc -c -fPIC -DPJ_IS_BIG_ENDIAN=0 -DPJ_IS_LITTLE_ENDIAN=1  conftest.c >&5
aconfigure:5778: $? = 0
aconfigure:5778: result: yes
aconfigure:5778: checking linux/soundcard.h presence
aconfigure:5778: gcc -E  conftest.c
aconfigure:5778: $? = 0
aconfigure:5778: result: yes
aconfigure:5778: checking for linux/soundcard.h
aconfigure:5778: result: yes
aconfigure:5784: checking machine/soundcard.h usability
aconfigure:5784: gcc -c -fPIC -DPJ_IS_BIG_ENDIAN=0 -DPJ_IS_LITTLE_ENDIAN=1  conftest.c >&5
conftest.c:106:31: fatal error: machine/soundcard.h: No such file or directory
 #include <machine/soundcard.h>
                               ^
compilation terminated.
aconfigure:5784: $? = 1
aconfigure: failed program was:
| /* confdefs.h */
| #define PACKAGE_NAME "pjproject"
| #define PACKAGE_TARNAME "pjproject"
| #define PACKAGE_VERSION "2.x"
| #define PACKAGE_STRING "pjproject 2.x"
| #define PACKAGE_BUGREPORT ""
| #define PACKAGE_URL ""
| #define HAVE_LIBPTHREAD 1
| #define HAVE_LIBRT 1
| #define HAVE_LIBNSL 1
| #define HAVE_LIBM 1
| #define HAVE_LIBUUID 1
| #define PJ_M_NAME "x86_64"
| #define PJ_POOL_ALIGNMENT 8
| #define STDC_HEADERS 1
| #define HAVE_SYS_TYPES_H 1
| #define HAVE_SYS_STAT_H 1
| #define HAVE_STDLIB_H 1
| #define HAVE_STRING_H 1
| #define HAVE_MEMORY_H 1
| #define HAVE_STRINGS_H 1
| #define HAVE_INTTYPES_H 1
| #define HAVE_STDINT_H 1
| #define HAVE_UNISTD_H 1
| #define PJ_LINUX 1
| #define PJ_HAS_FLOATING_POINT 0
| #define PJ_HAS_ARPA_INET_H 1
| #define PJ_HAS_ASSERT_H 1
| #define PJ_HAS_CTYPE_H 1
| #define PJ_HAS_ERRNO_H 1
| #define PJ_HAS_FCNTL_H 1
| #define PJ_HAS_LINUX_SOCKET_H 1
| #define PJ_HAS_LIMITS_H 1
| #define PJ_HAS_MALLOC_H 1
| #define PJ_HAS_NETDB_H 1
| #define PJ_HAS_NETINET_IN_SYSTM_H 1
| #define PJ_HAS_NETINET_IN_H 1
| #define PJ_HAS_NETINET_IP_H 1
| #define PJ_HAS_NETINET_TCP_H 1
| #define PJ_HAS_IFADDRS_H 1
| #define PJ_HAS_SEMAPHORE_H 1
| #define PJ_HAS_SETJMP_H 1
| #define PJ_HAS_STDARG_H 1
| #define PJ_HAS_STDDEF_H 1
| #define PJ_HAS_STDIO_H 1
| #define PJ_HAS_STDINT_H 1
| #define PJ_HAS_STDLIB_H 1
| #define PJ_HAS_STRING_H 1
| #define PJ_HAS_SYS_IOCTL_H 1
| #define PJ_HAS_SYS_SELECT_H 1
| #define PJ_HAS_SYS_SOCKET_H 1
| #define PJ_HAS_SYS_TIME_H 1
| #define PJ_HAS_SYS_TIMEB_H 1
| #define PJ_HAS_SYS_TYPES_H 1
| #define PJ_HAS_SYS_UTSNAME_H 1
| #define PJ_HAS_TIME_H 1
| #define PJ_HAS_UNISTD_H 1
| #define PJ_HAS_NET_IF_H 1
| #define PJ_OS_NAME "x86_64-unknown-linux-gnu"
| #define PJ_HAS_ERRNO_VAR 1
| #define PJ_HAS_HIGH_RES_TIMER 1
| #define PJ_HAS_MALLOC 1
| #define PJ_NATIVE_STRING_IS_UNICODE 0
| #define PJ_ATOMIC_VALUE_TYPE long
| #define PJ_SOCK_HAS_INET_ATON 1
| #define PJ_SOCK_HAS_INET_PTON 1
| #define PJ_SOCK_HAS_INET_NTOP 1
| #define PJ_SOCK_HAS_GETADDRINFO 1
| #define PJ_HAS_SOCKLEN_T 1
| #define PJ_HAS_SO_ERROR 1
| #define PJ_EMULATE_RWMUTEX 0
| /* end confdefs.h.  */
| #include <stdio.h>
| #ifdef HAVE_SYS_TYPES_H
| # include <sys/types.h>
| #endif
| #ifdef HAVE_SYS_STAT_H
| # include <sys/stat.h>
| #endif
| #ifdef STDC_HEADERS
| # include <stdlib.h>
| # include <stddef.h>
| #else
| # ifdef HAVE_STDLIB_H
| #  include <stdlib.h>
| # endif
| #endif
| #ifdef HAVE_STRING_H
| # if !defined STDC_HEADERS && defined HAVE_MEMORY_H
| #  include <memory.h>
| # endif
| # include <string.h>
| #endif
| #ifdef HAVE_STRINGS_H
| # include <strings.h>
| #endif
| #ifdef HAVE_INTTYPES_H
| # include <inttypes.h>
| #endif
| #ifdef HAVE_STDINT_H
| # include <stdint.h>
| #endif
| #ifdef HAVE_UNISTD_H
| # include <unistd.h>
| #endif
| #include <machine/soundcard.h>
aconfigure:5784: result: no
aconfigure:5784: checking machine/soundcard.h presence
aconfigure:5784: gcc -E  conftest.c
conftest.c:73:31: fatal error: machine/soundcard.h: No such file or directory
 #include <machine/soundcard.h>
                               ^
compilation terminated.
aconfigure:5784: $? = 1
aconfigure: failed program was:
| /* confdefs.h */
| #define PACKAGE_NAME "pjproject"
| #define PACKAGE_TARNAME "pjproject"
| #define PACKAGE_VERSION "2.x"
| #define PACKAGE_STRING "pjproject 2.x"
| #define PACKAGE_BUGREPORT ""
| #define PACKAGE_URL ""
| #define HAVE_LIBPTHREAD 1
| #define HAVE_LIBRT 1
| #define HAVE_LIBNSL 1
| #define HAVE_LIBM 1
| #define HAVE_LIBUUID 1
| #define PJ_M_NAME "x86_64"
| #define PJ_POOL_ALIGNMENT 8
| #define STDC_HEADERS 1
| #define HAVE_SYS_TYPES_H 1
| #define HAVE_SYS_STAT_H 1
| #define HAVE_STDLIB_H 1
| #define HAVE_STRING_H 1
| #define HAVE_MEMORY_H 1
| #define HAVE_STRINGS_H 1
| #define HAVE_INTTYPES_H 1
| #define HAVE_STDINT_H 1
| #define HAVE_UNISTD_H 1
| #define PJ_LINUX 1
| #define PJ_HAS_FLOATING_POINT 0
| #define PJ_HAS_ARPA_INET_H 1
| #define PJ_HAS_ASSERT_H 1
| #define PJ_HAS_CTYPE_H 1
| #define PJ_HAS_ERRNO_H 1
| #define PJ_HAS_FCNTL_H 1
| #define PJ_HAS_LINUX_SOCKET_H 1
| #define PJ_HAS_LIMITS_H 1
| #define PJ_HAS_MALLOC_H 1
| #define PJ_HAS_NETDB_H 1
| #define PJ_HAS_NETINET_IN_SYSTM_H 1
| #define PJ_HAS_NETINET_IN_H 1
| #define PJ_HAS_NETINET_IP_H 1
| #define PJ_HAS_NETINET_TCP_H 1
| #define PJ_HAS_IFADDRS_H 1
| #define PJ_HAS_SEMAPHORE_H 1
| #define PJ_HAS_SETJMP_H 1
| #define PJ_HAS_STDARG_H 1
| #define PJ_HAS_STDDEF_H 1
| #define PJ_HAS_STDIO_H 1
| #define PJ_HAS_STDINT_H 1
| #define PJ_HAS_STDLIB_H 1
| #define PJ_HAS_STRING_H 1
| #define PJ_HAS_SYS_IOCTL_H 1
| #define PJ_HAS_SYS_SELECT_H 1
| #define PJ_HAS_SYS_SOCKET_H 1
| #define PJ_HAS_SYS_TIME_H 1
| #define PJ_HAS_SYS_TIMEB_H 1
| #define PJ_HAS_SYS_TYPES_H 1
| #define PJ_HAS_SYS_UTSNAME_H 1
| #define PJ_HAS_TIME_H 1
| #define PJ_HAS_UNISTD_H 1
| #define PJ_HAS_NET_IF_H 1
| #define PJ_OS_NAME "x86_64-unknown-linux-gnu"
| #define PJ_HAS_ERRNO_VAR 1
| #define PJ_HAS_HIGH_RES_TIMER 1
| #define PJ_HAS_MALLOC 1
| #define PJ_NATIVE_STRING_IS_UNICODE 0
| #define PJ_ATOMIC_VALUE_TYPE long
| #define PJ_SOCK_HAS_INET_ATON 1
| #define PJ_SOCK_HAS_INET_PTON 1
| #define PJ_SOCK_HAS_INET_NTOP 1
| #define PJ_SOCK_HAS_GETADDRINFO 1
| #define PJ_HAS_SOCKLEN_T 1
| #define PJ_HAS_SO_ERROR 1
| #define PJ_EMULATE_RWMUTEX 0
| /* end confdefs.h.  */
| #include <machine/soundcard.h>
aconfigure:5784: result: no
aconfigure:5784: checking for machine/soundcard.h
aconfigure:5784: result: no
aconfigure:5985: result: Checking if small filter is disabled... no
aconfigure:5999: result: Checking if large filter is disabled... no
aconfigure:6009: result: Checking if Speex AEC is disabled...yes
aconfigure:6025: result: Checking if G.711 codec is disabled...yes
aconfigure:6042: result: Checking if L16 codecs are disabled...yes
aconfigure:6059: result: Checking if GSM codec is disabled...yes
aconfigure:6075: result: Checking if G.722 codec is disabled...yes
aconfigure:6091: result: Checking if G.722.1 codec is disabled...yes
aconfigure:6107: result: Checking if Speex codec is disabled...yes
aconfigure:6123: result: Checking if iLBC codec is disabled...yes
aconfigure:6180: result: Skipping libsamplerate detection
aconfigure:6195: result: Building libresample as shared library... no
aconfigure:6228: checking SDL availability..
aconfigure:6238: result: Unsupported SDL version
aconfigure:6275: checking for pkg-config
aconfigure:6291: found /usr/bin/pkg-config
aconfigure:6302: result: pkg-config
aconfigure:6316: checking ffmpeg packages
aconfigure:6345: result: none detected (check the prefix)! **
aconfigure:6655: checking for v4l2_open in -lv4l2
aconfigure:6680: gcc -o conftest -fPIC -DPJ_IS_BIG_ENDIAN=0 -DPJ_IS_LITTLE_ENDIAN=1   conftest.c -lv4l2  -luuid -lm -lnsl -lrt -lpthread    >&5
aconfigure:6680: $? = 0
aconfigure:6689: result: yes
aconfigure:7002: result: Skipping Intel IPP settings (not wanted)
aconfigure:7020: result: checking for OpenSSL installations..
aconfigure:7025: checking openssl/ssl.h usability
aconfigure:7025: gcc -c -fPIC -DPJ_IS_BIG_ENDIAN=0 -DPJ_IS_LITTLE_ENDIAN=1  conftest.c >&5
aconfigure:7025: $? = 0
aconfigure:7025: result: yes
aconfigure:7025: checking openssl/ssl.h presence
aconfigure:7025: gcc -E  conftest.c
aconfigure:7025: $? = 0
aconfigure:7025: result: yes
aconfigure:7025: checking for openssl/ssl.h
aconfigure:7025: result: yes
aconfigure:7031: checking for ERR_load_BIO_strings in -lcrypto
aconfigure:7056: gcc -o conftest -fPIC -DPJ_IS_BIG_ENDIAN=0 -DPJ_IS_LITTLE_ENDIAN=1   conftest.c -lcrypto  -luuid -lm -lnsl -lrt -lpthread    -lv4l2 >&5
aconfigure:7056: $? = 0
aconfigure:7065: result: yes
aconfigure:7071: checking for SSL_library_init in -lssl
aconfigure:7096: gcc -o conftest -fPIC -DPJ_IS_BIG_ENDIAN=0 -DPJ_IS_LITTLE_ENDIAN=1   conftest.c -lssl  -luuid -lm -lnsl -lrt -lpthread    -lv4l2 -lcrypto >&5
aconfigure:7096: $? = 0
aconfigure:7105: result: yes
aconfigure:7112: result: OpenSSL library found, SSL support enabled
aconfigure:7140: result: checking for OpenCORE AMR-NB installations..
aconfigure:7144: checking opencore-amrnb/interf_enc.h usability
aconfigure:7144: gcc -c -fPIC -DPJ_IS_BIG_ENDIAN=0 -DPJ_IS_LITTLE_ENDIAN=1  conftest.c >&5
conftest.c:114:39: fatal error: opencore-amrnb/interf_enc.h: No such file or directory
 #include <opencore-amrnb/interf_enc.h>
                                       ^
compilation terminated.
aconfigure:7144: $? = 1
aconfigure: failed program was:
| /* confdefs.h */
| #define PACKAGE_NAME "pjproject"
| #define PACKAGE_TARNAME "pjproject"
| #define PACKAGE_VERSION "2.x"
| #define PACKAGE_STRING "pjproject 2.x"
| #define PACKAGE_BUGREPORT ""
| #define PACKAGE_URL ""
| #define HAVE_LIBPTHREAD 1
| #define HAVE_LIBRT 1
| #define HAVE_LIBNSL 1
| #define HAVE_LIBM 1
| #define HAVE_LIBUUID 1
| #define PJ_M_NAME "x86_64"
| #define PJ_POOL_ALIGNMENT 8
| #define STDC_HEADERS 1
| #define HAVE_SYS_TYPES_H 1
| #define HAVE_SYS_STAT_H 1
| #define HAVE_STDLIB_H 1
| #define HAVE_STRING_H 1
| #define HAVE_MEMORY_H 1
| #define HAVE_STRINGS_H 1
| #define HAVE_INTTYPES_H 1
| #define HAVE_STDINT_H 1
| #define HAVE_UNISTD_H 1
| #define PJ_LINUX 1
| #define PJ_HAS_FLOATING_POINT 0
| #define PJ_HAS_ARPA_INET_H 1
| #define PJ_HAS_ASSERT_H 1
| #define PJ_HAS_CTYPE_H 1
| #define PJ_HAS_ERRNO_H 1
| #define PJ_HAS_FCNTL_H 1
| #define PJ_HAS_LINUX_SOCKET_H 1
| #define PJ_HAS_LIMITS_H 1
| #define PJ_HAS_MALLOC_H 1
| #define PJ_HAS_NETDB_H 1
| #define PJ_HAS_NETINET_IN_SYSTM_H 1
| #define PJ_HAS_NETINET_IN_H 1
| #define PJ_HAS_NETINET_IP_H 1
| #define PJ_HAS_NETINET_TCP_H 1
| #define PJ_HAS_IFADDRS_H 1
| #define PJ_HAS_SEMAPHORE_H 1
| #define PJ_HAS_SETJMP_H 1
| #define PJ_HAS_STDARG_H 1
| #define PJ_HAS_STDDEF_H 1
| #define PJ_HAS_STDIO_H 1
| #define PJ_HAS_STDINT_H 1
| #define PJ_HAS_STDLIB_H 1
| #define PJ_HAS_STRING_H 1
| #define PJ_HAS_SYS_IOCTL_H 1
| #define PJ_HAS_SYS_SELECT_H 1
| #define PJ_HAS_SYS_SOCKET_H 1
| #define PJ_HAS_SYS_TIME_H 1
| #define PJ_HAS_SYS_TIMEB_H 1
| #define PJ_HAS_SYS_TYPES_H 1
| #define PJ_HAS_SYS_UTSNAME_H 1
| #define PJ_HAS_TIME_H 1
| #define PJ_HAS_UNISTD_H 1
| #define PJ_HAS_NET_IF_H 1
| #define PJ_OS_NAME "x86_64-unknown-linux-gnu"
| #define PJ_HAS_ERRNO_VAR 1
| #define PJ_HAS_HIGH_RES_TIMER 1
| #define PJ_HAS_MALLOC 1
| #define PJ_NATIVE_STRING_IS_UNICODE 0
| #define PJ_ATOMIC_VALUE_TYPE long
| #define PJ_SOCK_HAS_INET_ATON 1
| #define PJ_SOCK_HAS_INET_PTON 1
| #define PJ_SOCK_HAS_INET_NTOP 1
| #define PJ_SOCK_HAS_GETADDRINFO 1
| #define PJ_HAS_SOCKLEN_T 1
| #define PJ_HAS_SO_ERROR 1
| #define PJ_EMULATE_RWMUTEX 0
| #define PJMEDIA_HAS_G711_CODEC 0
| #define PJMEDIA_HAS_L16_CODEC 0
| #define PJMEDIA_HAS_GSM_CODEC 0
| #define PJMEDIA_HAS_G722_CODEC 0
| #define PJMEDIA_HAS_G7221_CODEC 0
| #define PJMEDIA_HAS_SPEEX_CODEC 0
| #define PJMEDIA_HAS_ILBC_CODEC 0
| #define PJ_HAS_SSL_SOCK 1
| /* end confdefs.h.  */
| #include <stdio.h>
| #ifdef HAVE_SYS_TYPES_H
| # include <sys/types.h>
| #endif
| #ifdef HAVE_SYS_STAT_H
| # include <sys/stat.h>
| #endif
| #ifdef STDC_HEADERS
| # include <stdlib.h>
| # include <stddef.h>
| #else
| # ifdef HAVE_STDLIB_H
| #  include <stdlib.h>
| # endif
| #endif
| #ifdef HAVE_STRING_H
| # if !defined STDC_HEADERS && defined HAVE_MEMORY_H
| #  include <memory.h>
| # endif
| # include <string.h>
| #endif
| #ifdef HAVE_STRINGS_H
| # include <strings.h>
| #endif
| #ifdef HAVE_INTTYPES_H
| # include <inttypes.h>
| #endif
| #ifdef HAVE_STDINT_H
| # include <stdint.h>
| #endif
| #ifdef HAVE_UNISTD_H
| # include <unistd.h>
| #endif
| #include <opencore-amrnb/interf_enc.h>
aconfigure:7144: result: no
aconfigure:7144: checking opencore-amrnb/interf_enc.h presence
aconfigure:7144: gcc -E  conftest.c
conftest.c:81:39: fatal error: opencore-amrnb/interf_enc.h: No such file or directory
 #include <opencore-amrnb/interf_enc.h>
                                       ^
compilation terminated.
aconfigure:7144: $? = 1
aconfigure: failed program was:
| /* confdefs.h */
| #define PACKAGE_NAME "pjproject"
| #define PACKAGE_TARNAME "pjproject"
| #define PACKAGE_VERSION "2.x"
| #define PACKAGE_STRING "pjproject 2.x"
| #define PACKAGE_BUGREPORT ""
| #define PACKAGE_URL ""
| #define HAVE_LIBPTHREAD 1
| #define HAVE_LIBRT 1
| #define HAVE_LIBNSL 1
| #define HAVE_LIBM 1
| #define HAVE_LIBUUID 1
| #define PJ_M_NAME "x86_64"
| #define PJ_POOL_ALIGNMENT 8
| #define STDC_HEADERS 1
| #define HAVE_SYS_TYPES_H 1
| #define HAVE_SYS_STAT_H 1
| #define HAVE_STDLIB_H 1
| #define HAVE_STRING_H 1
| #define HAVE_MEMORY_H 1
| #define HAVE_STRINGS_H 1
| #define HAVE_INTTYPES_H 1
| #define HAVE_STDINT_H 1
| #define HAVE_UNISTD_H 1
| #define PJ_LINUX 1
| #define PJ_HAS_FLOATING_POINT 0
| #define PJ_HAS_ARPA_INET_H 1
| #define PJ_HAS_ASSERT_H 1
| #define PJ_HAS_CTYPE_H 1
| #define PJ_HAS_ERRNO_H 1
| #define PJ_HAS_FCNTL_H 1
| #define PJ_HAS_LINUX_SOCKET_H 1
| #define PJ_HAS_LIMITS_H 1
| #define PJ_HAS_MALLOC_H 1
| #define PJ_HAS_NETDB_H 1
| #define PJ_HAS_NETINET_IN_SYSTM_H 1
| #define PJ_HAS_NETINET_IN_H 1
| #define PJ_HAS_NETINET_IP_H 1
| #define PJ_HAS_NETINET_TCP_H 1
| #define PJ_HAS_IFADDRS_H 1
| #define PJ_HAS_SEMAPHORE_H 1
| #define PJ_HAS_SETJMP_H 1
| #define PJ_HAS_STDARG_H 1
| #define PJ_HAS_STDDEF_H 1
| #define PJ_HAS_STDIO_H 1
| #define PJ_HAS_STDINT_H 1
| #define PJ_HAS_STDLIB_H 1
| #define PJ_HAS_STRING_H 1
| #define PJ_HAS_SYS_IOCTL_H 1
| #define PJ_HAS_SYS_SELECT_H 1
| #define PJ_HAS_SYS_SOCKET_H 1
| #define PJ_HAS_SYS_TIME_H 1
| #define PJ_HAS_SYS_TIMEB_H 1
| #define PJ_HAS_SYS_TYPES_H 1
| #define PJ_HAS_SYS_UTSNAME_H 1
| #define PJ_HAS_TIME_H 1
| #define PJ_HAS_UNISTD_H 1
| #define PJ_HAS_NET_IF_H 1
| #define PJ_OS_NAME "x86_64-unknown-linux-gnu"
| #define PJ_HAS_ERRNO_VAR 1
| #define PJ_HAS_HIGH_RES_TIMER 1
| #define PJ_HAS_MALLOC 1
| #define PJ_NATIVE_STRING_IS_UNICODE 0
| #define PJ_ATOMIC_VALUE_TYPE long
| #define PJ_SOCK_HAS_INET_ATON 1
| #define PJ_SOCK_HAS_INET_PTON 1
| #define PJ_SOCK_HAS_INET_NTOP 1
| #define PJ_SOCK_HAS_GETADDRINFO 1
| #define PJ_HAS_SOCKLEN_T 1
| #define PJ_HAS_SO_ERROR 1
| #define PJ_EMULATE_RWMUTEX 0
| #define PJMEDIA_HAS_G711_CODEC 0
| #define PJMEDIA_HAS_L16_CODEC 0
| #define PJMEDIA_HAS_GSM_CODEC 0
| #define PJMEDIA_HAS_G722_CODEC 0
| #define PJMEDIA_HAS_G7221_CODEC 0
| #define PJMEDIA_HAS_SPEEX_CODEC 0
| #define PJMEDIA_HAS_ILBC_CODEC 0
| #define PJ_HAS_SSL_SOCK 1
| /* end confdefs.h.  */
| #include <opencore-amrnb/interf_enc.h>
aconfigure:7144: result: no
aconfigure:7144: checking for opencore-amrnb/interf_enc.h
aconfigure:7144: result: no
aconfigure:7150: checking for Encoder_Interface_init in -lopencore-amrnb
aconfigure:7175: gcc -o conftest -fPIC -DPJ_IS_BIG_ENDIAN=0 -DPJ_IS_LITTLE_ENDIAN=1   conftest.c -lopencore-amrnb  -luuid -lm -lnsl -lrt -lpthread    -lv4l2 -lcrypto -lssl >&5
/usr/bin/ld: cannot find -lopencore-amrnb
collect2: error: ld returned 1 exit status
aconfigure:7175: $? = 1
aconfigure: failed program was:
| /* confdefs.h */
| #define PACKAGE_NAME "pjproject"
| #define PACKAGE_TARNAME "pjproject"
| #define PACKAGE_VERSION "2.x"
| #define PACKAGE_STRING "pjproject 2.x"
| #define PACKAGE_BUGREPORT ""
| #define PACKAGE_URL ""
| #define HAVE_LIBPTHREAD 1
| #define HAVE_LIBRT 1
| #define HAVE_LIBNSL 1
| #define HAVE_LIBM 1
| #define HAVE_LIBUUID 1
| #define PJ_M_NAME "x86_64"
| #define PJ_POOL_ALIGNMENT 8
| #define STDC_HEADERS 1
| #define HAVE_SYS_TYPES_H 1
| #define HAVE_SYS_STAT_H 1
| #define HAVE_STDLIB_H 1
| #define HAVE_STRING_H 1
| #define HAVE_MEMORY_H 1
| #define HAVE_STRINGS_H 1
| #define HAVE_INTTYPES_H 1
| #define HAVE_STDINT_H 1
| #define HAVE_UNISTD_H 1
| #define PJ_LINUX 1
| #define PJ_HAS_FLOATING_POINT 0
| #define PJ_HAS_ARPA_INET_H 1
| #define PJ_HAS_ASSERT_H 1
| #define PJ_HAS_CTYPE_H 1
| #define PJ_HAS_ERRNO_H 1
| #define PJ_HAS_FCNTL_H 1
| #define PJ_HAS_LINUX_SOCKET_H 1
| #define PJ_HAS_LIMITS_H 1
| #define PJ_HAS_MALLOC_H 1
| #define PJ_HAS_NETDB_H 1
| #define PJ_HAS_NETINET_IN_SYSTM_H 1
| #define PJ_HAS_NETINET_IN_H 1
| #define PJ_HAS_NETINET_IP_H 1
| #define PJ_HAS_NETINET_TCP_H 1
| #define PJ_HAS_IFADDRS_H 1
| #define PJ_HAS_SEMAPHORE_H 1
| #define PJ_HAS_SETJMP_H 1
| #define PJ_HAS_STDARG_H 1
| #define PJ_HAS_STDDEF_H 1
| #define PJ_HAS_STDIO_H 1
| #define PJ_HAS_STDINT_H 1
| #define PJ_HAS_STDLIB_H 1
| #define PJ_HAS_STRING_H 1
| #define PJ_HAS_SYS_IOCTL_H 1
| #define PJ_HAS_SYS_SELECT_H 1
| #define PJ_HAS_SYS_SOCKET_H 1
| #define PJ_HAS_SYS_TIME_H 1
| #define PJ_HAS_SYS_TIMEB_H 1
| #define PJ_HAS_SYS_TYPES_H 1
| #define PJ_HAS_SYS_UTSNAME_H 1
| #define PJ_HAS_TIME_H 1
| #define PJ_HAS_UNISTD_H 1
| #define PJ_HAS_NET_IF_H 1
| #define PJ_OS_NAME "x86_64-unknown-linux-gnu"
| #define PJ_HAS_ERRNO_VAR 1
| #define PJ_HAS_HIGH_RES_TIMER 1
| #define PJ_HAS_MALLOC 1
| #define PJ_NATIVE_STRING_IS_UNICODE 0
| #define PJ_ATOMIC_VALUE_TYPE long
| #define PJ_SOCK_HAS_INET_ATON 1
| #define PJ_SOCK_HAS_INET_PTON 1
| #define PJ_SOCK_HAS_INET_NTOP 1
| #define PJ_SOCK_HAS_GETADDRINFO 1
| #define PJ_HAS_SOCKLEN_T 1
| #define PJ_HAS_SO_ERROR 1
| #define PJ_EMULATE_RWMUTEX 0
| #define PJMEDIA_HAS_G711_CODEC 0
| #define PJMEDIA_HAS_L16_CODEC 0
| #define PJMEDIA_HAS_GSM_CODEC 0
| #define PJMEDIA_HAS_G722_CODEC 0
| #define PJMEDIA_HAS_G7221_CODEC 0
| #define PJMEDIA_HAS_SPEEX_CODEC 0
| #define PJMEDIA_HAS_ILBC_CODEC 0
| #define PJ_HAS_SSL_SOCK 1
| /* end confdefs.h.  */
| 
| /* Override any GCC internal prototype to avoid an error.
|    Use char because int might match the return type of a GCC
|    builtin and then its argument prototype would still apply.  */
| #ifdef __cplusplus
| extern "C"
| #endif
| char Encoder_Interface_init ();
| int
| main ()
| {
| return Encoder_Interface_init ();
|   ;
|   return 0;
| }
aconfigure:7184: result: no
aconfigure:7206: checking if select() needs correct nfds
aconfigure:7216: result: no (default)
aconfigure:7218: result: ** Decided that select() doesn't need correct nfds (please check)
aconfigure:7223: checking if pj_thread_create() should enforce stack size
aconfigure:7233: result: no (default)
aconfigure:7238: checking if pj_thread_create() should allocate stack
aconfigure:7248: result: no (default)
aconfigure:7260: result: ** Setting non-blocking recv() retval to EAGAIN (please check)
aconfigure:7272: result: ** Setting non-blocking connect() retval to EINPROGRESS (please check)
aconfigure:7404: creating ./config.status

## ---------------------- ##
## Running config.status. ##
## ---------------------- ##

This file was extended by pjproject config.status 2.x, which was
generated by GNU Autoconf 2.65.  Invocation command line was

  CONFIG_FILES    = 
  CONFIG_HEADERS  = 
  CONFIG_LINKS    = 
  CONFIG_COMMANDS = 
  $ ./config.status 

on CentOS7

config.status:955: creating build.mak
config.status:955: creating build/os-auto.mak
config.status:955: creating build/cc-auto.mak
config.status:955: creating pjlib/build/os-auto.mak
config.status:955: creating pjlib-util/build/os-auto.mak
config.status:955: creating pjmedia/build/os-auto.mak
config.status:955: creating pjsip/build/os-auto.mak
config.status:955: creating third_party/build/os-auto.mak
config.status:955: creating third_party/build/portaudio/os-auto.mak
config.status:955: creating pjlib/include/pj/compat/os_auto.h
config.status:1116: pjlib/include/pj/compat/os_auto.h is unchanged
config.status:955: creating pjlib/include/pj/compat/m_auto.h
config.status:1116: pjlib/include/pj/compat/m_auto.h is unchanged
config.status:955: creating pjmedia/include/pjmedia/config_auto.h
config.status:1116: pjmedia/include/pjmedia/config_auto.h is unchanged
config.status:955: creating pjmedia/include/pjmedia-codec/config_auto.h
config.status:1116: pjmedia/include/pjmedia-codec/config_auto.h is unchanged
config.status:955: creating pjsip/include/pjsip/sip_autoconf.h
config.status:1116: pjsip/include/pjsip/sip_autoconf.h is unchanged
aconfigure:8579: result:

Configurations for current target have been written to 'build.mak', and 'os-auto.mak' in various build directories, and pjlib/include/pj/compat/os_auto.h.

Further customizations can be put in:
  - 'user.mak'
  - 'pjlib/include/pj/config_site.h'

The next step now is to run 'make dep' and 'make'.


## ---------------- ##
## Cache variables. ##
## ---------------- ##

ac_cv_build=x86_64-unknown-linux-gnu
ac_cv_c_bigendian=no
ac_cv_c_compiler_gnu=yes
ac_cv_cxx_compiler_gnu=yes
ac_cv_env_CCC_set=
ac_cv_env_CCC_value=
ac_cv_env_CC_set=set
ac_cv_env_CC_value=gcc
ac_cv_env_CFLAGS_set=set
ac_cv_env_CFLAGS_value=-fPIC
ac_cv_env_CPPFLAGS_set=
ac_cv_env_CPPFLAGS_value=
ac_cv_env_CPP_set=
ac_cv_env_CPP_value=
ac_cv_env_CXXFLAGS_set=
ac_cv_env_CXXFLAGS_value=
ac_cv_env_CXX_set=set
ac_cv_env_CXX_value=g++
ac_cv_env_LDFLAGS_set=
ac_cv_env_LDFLAGS_value=
ac_cv_env_LIBS_set=
ac_cv_env_LIBS_value=
ac_cv_env_build_alias_set=set
ac_cv_env_build_alias_value=x86_64-unknown-linux-gnu
ac_cv_env_host_alias_set=set
ac_cv_env_host_alias_value=x86_64-unknown-linux-gnu
ac_cv_env_target_alias_set=
ac_cv_env_target_alias_value=
ac_cv_func_getifaddrs=yes
ac_cv_header_arpa_inet_h=yes
ac_cv_header_assert_h=yes
ac_cv_header_ctype_h=yes
ac_cv_header_errno_h=yes
ac_cv_header_fcntl_h=yes
ac_cv_header_ifaddrs_h=yes
ac_cv_header_inttypes_h=yes
ac_cv_header_limits_h=yes
ac_cv_header_linux_socket_h=yes
ac_cv_header_linux_soundcard_h=yes
ac_cv_header_machine_soundcard_h=no
ac_cv_header_malloc_h=yes
ac_cv_header_memory_h=yes
ac_cv_header_mswsock_h=no
ac_cv_header_net_if_h=yes
ac_cv_header_netdb_h=yes
ac_cv_header_netinet_in_h=yes
ac_cv_header_netinet_in_systm_h=yes
ac_cv_header_netinet_ip_h=yes
ac_cv_header_netinet_tcp_h=yes
ac_cv_header_opencore_amrnb_interf_enc_h=no
ac_cv_header_openssl_ssl_h=yes
ac_cv_header_semaphore_h=yes
ac_cv_header_setjmp_h=yes
ac_cv_header_stdarg_h=yes
ac_cv_header_stdc=yes
ac_cv_header_stddef_h=yes
ac_cv_header_stdint_h=yes
ac_cv_header_stdio_h=yes
ac_cv_header_stdlib_h=yes
ac_cv_header_string_h=yes
ac_cv_header_strings_h=yes
ac_cv_header_sys_filio_h=no
ac_cv_header_sys_ioctl_h=yes
ac_cv_header_sys_select_h=yes
ac_cv_header_sys_socket_h=yes
ac_cv_header_sys_sockio_h=no
ac_cv_header_sys_soundcard_h=yes
ac_cv_header_sys_stat_h=yes
ac_cv_header_sys_time_h=yes
ac_cv_header_sys_timeb_h=yes
ac_cv_header_sys_types_h=yes
ac_cv_header_sys_utsname_h=yes
ac_cv_header_time_h=yes
ac_cv_header_unistd_h=yes
ac_cv_header_uuid_uuid_h=yes
ac_cv_header_winsock2_h=no
ac_cv_header_winsock_h=no
ac_cv_header_ws2tcpip_h=no
ac_cv_host=x86_64-unknown-linux-gnu
ac_cv_lib_crypto_ERR_load_BIO_strings=yes
ac_cv_lib_m_sin=yes
ac_cv_lib_nsl_puts=yes
ac_cv_lib_ole32_puts=no
ac_cv_lib_opencore_amrnb_Encoder_Interface_init=no
ac_cv_lib_pthread_pthread_create=yes
ac_cv_lib_rt_puts=yes
ac_cv_lib_socket_puts=no
ac_cv_lib_ssl_SSL_library_init=yes
ac_cv_lib_uuid_uuid_generate=yes
ac_cv_lib_v4l2_v4l2_open=yes
ac_cv_lib_winmm_puts=no
ac_cv_lib_ws2_32_puts=no
ac_cv_lib_wsock32_puts=no
ac_cv_objext=o
ac_cv_path_EGREP='/usr/bin/grep -E'
ac_cv_path_GREP=/usr/bin/grep
ac_cv_prog_AR=ar
ac_cv_prog_CC=gcc
ac_cv_prog_CPP='gcc -E'
ac_cv_prog_PKG_CONFIG=pkg-config
ac_cv_prog_RANLIB=ranlib
ac_cv_prog_cc_c89=
ac_cv_prog_cc_g=yes
ac_cv_prog_cxx_g=yes
ac_cv_target=x86_64-unknown-linux-gnu

## ----------------- ##
## Output variables. ##
## ----------------- ##

AR='ar'
AR_FLAGS='rv'
CC='gcc'
CC_CFLAGS='-Wall'
CC_DEF='-D'
CC_INC='-I'
CC_OPTIMIZE='-O2'
CC_OUT='-o '
CFLAGS='-fPIC -DPJ_IS_BIG_ENDIAN=0 -DPJ_IS_LITTLE_ENDIAN=1'
CPP='gcc -E'
CPPFLAGS=''
CXX='g++'
CXXFLAGS='-fPIC '
DEFS='-DHAVE_CONFIG_H'
ECHO_C=''
ECHO_N='-n'
ECHO_T=''
EGREP='/usr/bin/grep -E'
EXEEXT=''
GREP='/usr/bin/grep'
LD='gcc'
LDFLAGS=''
LDOUT='-o '
LIBEXT2=''
LIBEXT='a'
LIBOBJS=''
LIBS='-luuid -lm -lnsl -lrt -lpthread    -lv4l2 -lcrypto -lssl'
LTLIBOBJS=''
OBJEXT='o'
PACKAGE_BUGREPORT=''
PACKAGE_NAME='pjproject'
PACKAGE_STRING='pjproject 2.x'
PACKAGE_TARNAME='pjproject'
PACKAGE_URL=''
PACKAGE_VERSION='2.x'
PATH_SEPARATOR=':'
PKG_CONFIG='pkg-config'
RANLIB='ranlib'
SAVED_PKG_CONFIG_PATH=''
SHELL='/bin/sh'
ac_build_mak_vars=''
ac_cross_compile=''
ac_ct_AR=''
ac_ct_CC=''
ac_ct_CXX=''
ac_external_gsm='0'
ac_external_pa='0'
ac_external_speex='0'
ac_ffmpeg_cflags=' '
ac_ffmpeg_ldflags=' '
ac_has_ffmpeg=''
ac_host='unix'
ac_ios_cflags=''
ac_linux_poll='select'
ac_main_obj='main.o'
ac_no_g711_codec='1'
ac_no_g7221_codec='1'
ac_no_g722_codec='1'
ac_no_gsm_codec='1'
ac_no_ilbc_codec='1'
ac_no_l16_codec='1'
ac_no_large_filter=''
ac_no_opencore_amrnb='1'
ac_no_small_filter=''
ac_no_speex_aec='-DPJMEDIA_HAS_SPEEX_AEC=0'
ac_no_speex_codec='1'
ac_no_ssl=''
ac_os_objs='ioqueue_select.o file_access_unistd.o file_io_ansi.o os_core_unix.o os_error_unix.o os_time_unix.o os_timestamp_posix.o guid_uuid.o'
ac_pa_cflags=' -DHAVE_SYS_SOUNDCARD_H -DHAVE_LINUX_SOUNDCARD_H -DPA_LITTLE_ENDIAN'
ac_pa_use_alsa=''
ac_pa_use_oss=''
ac_pjdir='/home/lee/Github/wtkrtc-sdk-api/wtkrtc_server/asterisk-11.16.0/res/pjproject'
ac_pjmedia_snd='null'
ac_pjmedia_video=''
ac_pjmedia_video_has_ios=''
ac_pjmedia_video_has_qt=''
ac_qt_cflags=''
ac_resample_dll=''
ac_sdl_cflags=''
ac_sdl_ldflags=''
ac_shlib_suffix='so'
ac_v4l2_cflags='-DPJMEDIA_VIDEO_DEV_HAS_V4L2=1'
ac_v4l2_ldflags='-lv4l2'
bindir='${exec_prefix}/bin'
build='x86_64-unknown-linux-gnu'
build_alias='x86_64-unknown-linux-gnu'
build_cpu='x86_64'
build_os='linux-gnu'
build_vendor='unknown'
datadir='${datarootdir}'
datarootdir='${prefix}/share'
docdir='${datarootdir}/doc/${PACKAGE_TARNAME}'
dvidir='${docdir}'
exec_prefix='${prefix}'
host='x86_64-unknown-linux-gnu'
host_alias='x86_64-unknown-linux-gnu'
host_cpu='x86_64'
host_os='linux-gnu'
host_vendor='unknown'
htmldir='${docdir}'
includedir='${prefix}/include'
infodir='${datarootdir}/info'
libcrypto_present='1'
libdir='${exec_prefix}/lib'
libexecdir='${exec_prefix}/libexec'
libssl_present='1'
localedir='${datarootdir}/locale'
localstatedir='${prefix}/var'
mandir='${datarootdir}/man'
oldincludedir='/usr/include'
opencore_amrnb_h_present=''
opencore_amrnb_present=''
openssl_h_present='1'
pdfdir='${docdir}'
prefix='/usr/local'
program_transform_name='s,x,x,'
psdir='${docdir}'
sbindir='${exec_prefix}/sbin'
sharedstatedir='${prefix}/com'
sysconfdir='${prefix}/etc'
target='x86_64-unknown-linux-gnu'
target_alias=''
target_cpu='x86_64'
target_os='linux-gnu'
target_vendor='unknown'

## ----------- ##
## confdefs.h. ##
## ----------- ##

/* confdefs.h */
#define PACKAGE_NAME "pjproject"
#define PACKAGE_TARNAME "pjproject"
#define PACKAGE_VERSION "2.x"
#define PACKAGE_STRING "pjproject 2.x"
#define PACKAGE_BUGREPORT ""
#define PACKAGE_URL ""
#define HAVE_LIBPTHREAD 1
#define HAVE_LIBRT 1
#define HAVE_LIBNSL 1
#define HAVE_LIBM 1
#define HAVE_LIBUUID 1
#define PJ_M_NAME "x86_64"
#define PJ_POOL_ALIGNMENT 8
#define STDC_HEADERS 1
#define HAVE_SYS_TYPES_H 1
#define HAVE_SYS_STAT_H 1
#define HAVE_STDLIB_H 1
#define HAVE_STRING_H 1
#define HAVE_MEMORY_H 1
#define HAVE_STRINGS_H 1
#define HAVE_INTTYPES_H 1
#define HAVE_STDINT_H 1
#define HAVE_UNISTD_H 1
#define PJ_LINUX 1
#define PJ_HAS_FLOATING_POINT 0
#define PJ_HAS_ARPA_INET_H 1
#define PJ_HAS_ASSERT_H 1
#define PJ_HAS_CTYPE_H 1
#define PJ_HAS_ERRNO_H 1
#define PJ_HAS_FCNTL_H 1
#define PJ_HAS_LINUX_SOCKET_H 1
#define PJ_HAS_LIMITS_H 1
#define PJ_HAS_MALLOC_H 1
#define PJ_HAS_NETDB_H 1
#define PJ_HAS_NETINET_IN_SYSTM_H 1
#define PJ_HAS_NETINET_IN_H 1
#define PJ_HAS_NETINET_IP_H 1
#define PJ_HAS_NETINET_TCP_H 1
#define PJ_HAS_IFADDRS_H 1
#define PJ_HAS_SEMAPHORE_H 1
#define PJ_HAS_SETJMP_H 1
#define PJ_HAS_STDARG_H 1
#define PJ_HAS_STDDEF_H 1
#define PJ_HAS_STDIO_H 1
#define PJ_HAS_STDINT_H 1
#define PJ_HAS_STDLIB_H 1
#define PJ_HAS_STRING_H 1
#define PJ_HAS_SYS_IOCTL_H 1
#define PJ_HAS_SYS_SELECT_H 1
#define PJ_HAS_SYS_SOCKET_H 1
#define PJ_HAS_SYS_TIME_H 1
#define PJ_HAS_SYS_TIMEB_H 1
#define PJ_HAS_SYS_TYPES_H 1
#define PJ_HAS_SYS_UTSNAME_H 1
#define PJ_HAS_TIME_H 1
#define PJ_HAS_UNISTD_H 1
#define PJ_HAS_NET_IF_H 1
#define PJ_OS_NAME "x86_64-unknown-linux-gnu"
#define PJ_HAS_ERRNO_VAR 1
#define PJ_HAS_HIGH_RES_TIMER 1
#define PJ_HAS_MALLOC 1
#define PJ_NATIVE_STRING_IS_UNICODE 0
#define PJ_ATOMIC_VALUE_TYPE long
#define PJ_SOCK_HAS_INET_ATON 1
#define PJ_SOCK_HAS_INET_PTON 1
#define PJ_SOCK_HAS_INET_NTOP 1
#define PJ_SOCK_HAS_GETADDRINFO 1
#define PJ_HAS_SOCKLEN_T 1
#define PJ_HAS_SO_ERROR 1
#define PJ_EMULATE_RWMUTEX 0
#define PJMEDIA_HAS_G711_CODEC 0
#define PJMEDIA_HAS_L16_CODEC 0
#define PJMEDIA_HAS_GSM_CODEC 0
#define PJMEDIA_HAS_G722_CODEC 0
#define PJMEDIA_HAS_G7221_CODEC 0
#define PJMEDIA_HAS_SPEEX_CODEC 0
#define PJMEDIA_HAS_ILBC_CODEC 0
#define PJ_HAS_SSL_SOCK 1
#define PJMEDIA_HAS_OPENCORE_AMRNB_CODEC 0
#define PJ_SELECT_NEEDS_NFDS 0
#define PJ_THREAD_SET_STACK_SIZE 0
#define PJ_THREAD_ALLOCATE_STACK 0
#define PJ_BLOCKING_ERROR_VAL EAGAIN
#define PJ_BLOCKING_CONNECT_ERROR_VAL EINPROGRESS

aconfigure: exit 0
